  [1m[35m (1444.8ms)[0m  [1m[35mCREATE DATABASE "gringo1" ENCODING = 'unicode'[0m
  ↳ /home/mirko/.gem/ruby/2.5.0/gems/bootsnap-1.3.2/lib/bootsnap/load_path_cache/core_ext/kernel_require.rb:21
  [1m[35m (614.1ms)[0m  [1m[35mCREATE DATABASE "gringo1_test" ENCODING = 'unicode'[0m
  ↳ /home/mirko/.gem/ruby/2.5.0/gems/bootsnap-1.3.2/lib/bootsnap/load_path_cache/core_ext/kernel_require.rb:21
  [1m[35m (116.1ms)[0m  [1m[35mCREATE TABLE "schema_migrations" ("version" character varying NOT NULL PRIMARY KEY)[0m
  ↳ /home/mirko/.gem/ruby/2.5.0/gems/bootsnap-1.3.2/lib/bootsnap/load_path_cache/core_ext/kernel_require.rb:21
  [1m[35m (111.3ms)[0m  [1m[35mCREATE TABLE "ar_internal_metadata" ("key" character varying NOT NULL PRIMARY KEY, "value" character varying, "created_at" timestamp NOT NULL, "updated_at" timestamp NOT NULL)[0m
  ↳ /home/mirko/.gem/ruby/2.5.0/gems/bootsnap-1.3.2/lib/bootsnap/load_path_cache/core_ext/kernel_require.rb:21
  [1m[35m (0.3ms)[0m  [1m[34mSELECT pg_try_advisory_lock(1255220602886462100)[0m
  ↳ /home/mirko/.gem/ruby/2.5.0/gems/bootsnap-1.3.2/lib/bootsnap/load_path_cache/core_ext/kernel_require.rb:21
  [1m[35m (0.4ms)[0m  [1m[34mSELECT "schema_migrations"."version" FROM "schema_migrations" ORDER BY "schema_migrations"."version" ASC[0m
  ↳ /home/mirko/.gem/ruby/2.5.0/gems/bootsnap-1.3.2/lib/bootsnap/load_path_cache/core_ext/kernel_require.rb:21
Migrating to CreateProducts (20190108003314)
  [1m[35m (0.2ms)[0m  [1m[35mBEGIN[0m
  ↳ /home/mirko/.gem/ruby/2.5.0/gems/bootsnap-1.3.2/lib/bootsnap/load_path_cache/core_ext/kernel_require.rb:21
  [1m[35m (81.5ms)[0m  [1m[35mCREATE TABLE "products" ("id" bigserial primary key, "title" character varying, "price" float, "created_at" timestamp NOT NULL, "updated_at" timestamp NOT NULL)[0m
  ↳ db/migrate/20190108003314_create_products.rb:3
  [1m[36mActiveRecord::SchemaMigration Create (0.7ms)[0m  [1m[32mINSERT INTO "schema_migrations" ("version") VALUES ($1) RETURNING "version"[0m  [["version", "20190108003314"]]
  ↳ /home/mirko/.gem/ruby/2.5.0/gems/bootsnap-1.3.2/lib/bootsnap/load_path_cache/core_ext/kernel_require.rb:21
  [1m[35m (20.5ms)[0m  [1m[35mCOMMIT[0m
  ↳ /home/mirko/.gem/ruby/2.5.0/gems/bootsnap-1.3.2/lib/bootsnap/load_path_cache/core_ext/kernel_require.rb:21
Migrating to CreateOrders (20190108003346)
  [1m[35m (0.2ms)[0m  [1m[35mBEGIN[0m
  ↳ /home/mirko/.gem/ruby/2.5.0/gems/bootsnap-1.3.2/lib/bootsnap/load_path_cache/core_ext/kernel_require.rb:21
  [1m[35m (54.0ms)[0m  [1m[35mCREATE TABLE "orders" ("id" bigserial primary key, "subtotal" float, "total" float, "tax" float, "shipping" float, "created_at" timestamp NOT NULL, "updated_at" timestamp NOT NULL)[0m
  ↳ db/migrate/20190108003346_create_orders.rb:3
  [1m[36mActiveRecord::SchemaMigration Create (0.3ms)[0m  [1m[32mINSERT INTO "schema_migrations" ("version") VALUES ($1) RETURNING "version"[0m  [["version", "20190108003346"]]
  ↳ /home/mirko/.gem/ruby/2.5.0/gems/bootsnap-1.3.2/lib/bootsnap/load_path_cache/core_ext/kernel_require.rb:21
  [1m[35m (9.8ms)[0m  [1m[35mCOMMIT[0m
  ↳ /home/mirko/.gem/ruby/2.5.0/gems/bootsnap-1.3.2/lib/bootsnap/load_path_cache/core_ext/kernel_require.rb:21
Migrating to CreateOrderItems (20190108003439)
  [1m[35m (0.4ms)[0m  [1m[35mBEGIN[0m
  ↳ /home/mirko/.gem/ruby/2.5.0/gems/bootsnap-1.3.2/lib/bootsnap/load_path_cache/core_ext/kernel_require.rb:21
  [1m[35m (39.7ms)[0m  [1m[35mCREATE TABLE "order_items" ("id" bigserial primary key, "product_id" integer, "order_id" integer, "unit_price" float, "quantity" integer, "total_price" float, "created_at" timestamp NOT NULL, "updated_at" timestamp NOT NULL)[0m
  ↳ db/migrate/20190108003439_create_order_items.rb:3
  [1m[36mActiveRecord::SchemaMigration Create (0.3ms)[0m  [1m[32mINSERT INTO "schema_migrations" ("version") VALUES ($1) RETURNING "version"[0m  [["version", "20190108003439"]]
  ↳ /home/mirko/.gem/ruby/2.5.0/gems/bootsnap-1.3.2/lib/bootsnap/load_path_cache/core_ext/kernel_require.rb:21
  [1m[35m (11.7ms)[0m  [1m[35mCOMMIT[0m
  ↳ /home/mirko/.gem/ruby/2.5.0/gems/bootsnap-1.3.2/lib/bootsnap/load_path_cache/core_ext/kernel_require.rb:21
  [1m[36mActiveRecord::InternalMetadata Load (0.3ms)[0m  [1m[34mSELECT  "ar_internal_metadata".* FROM "ar_internal_metadata" WHERE "ar_internal_metadata"."key" = $1 LIMIT $2[0m  [["key", "environment"], ["LIMIT", 1]]
  ↳ /home/mirko/.gem/ruby/2.5.0/gems/bootsnap-1.3.2/lib/bootsnap/load_path_cache/core_ext/kernel_require.rb:21
  [1m[35m (0.5ms)[0m  [1m[35mBEGIN[0m
  ↳ /home/mirko/.gem/ruby/2.5.0/gems/bootsnap-1.3.2/lib/bootsnap/load_path_cache/core_ext/kernel_require.rb:21
  [1m[36mActiveRecord::InternalMetadata Create (0.8ms)[0m  [1m[32mINSERT INTO "ar_internal_metadata" ("key", "value", "created_at", "updated_at") VALUES ($1, $2, $3, $4) RETURNING "key"[0m  [["key", "environment"], ["value", "development"], ["created_at", "2019-01-08 00:35:03.372458"], ["updated_at", "2019-01-08 00:35:03.372458"]]
  ↳ /home/mirko/.gem/ruby/2.5.0/gems/bootsnap-1.3.2/lib/bootsnap/load_path_cache/core_ext/kernel_require.rb:21
  [1m[35m (10.2ms)[0m  [1m[35mCOMMIT[0m
  ↳ /home/mirko/.gem/ruby/2.5.0/gems/bootsnap-1.3.2/lib/bootsnap/load_path_cache/core_ext/kernel_require.rb:21
  [1m[35m (0.3ms)[0m  [1m[34mSELECT pg_advisory_unlock(1255220602886462100)[0m
  ↳ /home/mirko/.gem/ruby/2.5.0/gems/bootsnap-1.3.2/lib/bootsnap/load_path_cache/core_ext/kernel_require.rb:21
  [1m[35m (0.3ms)[0m  [1m[34mSELECT "schema_migrations"."version" FROM "schema_migrations" ORDER BY "schema_migrations"."version" ASC[0m
  ↳ /home/mirko/.gem/ruby/2.5.0/gems/bootsnap-1.3.2/lib/bootsnap/load_path_cache/core_ext/kernel_require.rb:21
Started GET "/" for 127.0.0.1 at 2019-01-07 21:43:50 -0300
  [1m[35m (0.5ms)[0m  [1m[34mSELECT "schema_migrations"."version" FROM "schema_migrations" ORDER BY "schema_migrations"."version" ASC[0m
  ↳ /home/mirko/.gem/ruby/2.5.0/gems/web-console-3.7.0/lib/web_console/middleware.rb:135
Processing by HomeController#index as HTML
Completed 500 Internal Server Error in 31ms (ActiveRecord: 4.8ms)


  
NoMethodError (undefined method `order_items' for #<Order:0x000055b21d28b278>):
  
app/controllers/home_controller.rb:4:in `index'
Started GET "/" for 127.0.0.1 at 2019-01-07 21:44:31 -0300
Processing by HomeController#index as HTML
Completed 500 Internal Server Error in 10ms (ActiveRecord: 0.0ms)


  
NoMethodError (undefined method `order_items' for #<Order:0x000055b21ef86210>):
  
app/controllers/home_controller.rb:4:in `index'
  [1m[35m (0.2ms)[0m  [1m[34mSELECT pg_try_advisory_lock(1255220602886462100)[0m
  ↳ /home/mirko/.gem/ruby/2.5.0/gems/bootsnap-1.3.2/lib/bootsnap/load_path_cache/core_ext/kernel_require.rb:21
  [1m[35m (0.8ms)[0m  [1m[34mSELECT "schema_migrations"."version" FROM "schema_migrations" ORDER BY "schema_migrations"."version" ASC[0m
  ↳ /home/mirko/.gem/ruby/2.5.0/gems/bootsnap-1.3.2/lib/bootsnap/load_path_cache/core_ext/kernel_require.rb:21
  [1m[36mActiveRecord::InternalMetadata Load (0.4ms)[0m  [1m[34mSELECT  "ar_internal_metadata".* FROM "ar_internal_metadata" WHERE "ar_internal_metadata"."key" = $1 LIMIT $2[0m  [["key", "environment"], ["LIMIT", 1]]
  ↳ /home/mirko/.gem/ruby/2.5.0/gems/bootsnap-1.3.2/lib/bootsnap/load_path_cache/core_ext/kernel_require.rb:21
  [1m[35m (0.2ms)[0m  [1m[35mBEGIN[0m
  ↳ /home/mirko/.gem/ruby/2.5.0/gems/bootsnap-1.3.2/lib/bootsnap/load_path_cache/core_ext/kernel_require.rb:21
  [1m[35m (0.1ms)[0m  [1m[35mCOMMIT[0m
  ↳ /home/mirko/.gem/ruby/2.5.0/gems/bootsnap-1.3.2/lib/bootsnap/load_path_cache/core_ext/kernel_require.rb:21
  [1m[35m (0.2ms)[0m  [1m[34mSELECT pg_advisory_unlock(1255220602886462100)[0m
  ↳ /home/mirko/.gem/ruby/2.5.0/gems/bootsnap-1.3.2/lib/bootsnap/load_path_cache/core_ext/kernel_require.rb:21
  [1m[35m (0.3ms)[0m  [1m[34mSELECT "schema_migrations"."version" FROM "schema_migrations" ORDER BY "schema_migrations"."version" ASC[0m
  ↳ /home/mirko/.gem/ruby/2.5.0/gems/bootsnap-1.3.2/lib/bootsnap/load_path_cache/core_ext/kernel_require.rb:21
Started GET "/" for 127.0.0.1 at 2019-01-07 21:46:05 -0300
  [1m[35m (0.7ms)[0m  [1m[34mSELECT "schema_migrations"."version" FROM "schema_migrations" ORDER BY "schema_migrations"."version" ASC[0m
  ↳ /home/mirko/.gem/ruby/2.5.0/gems/web-console-3.7.0/lib/web_console/middleware.rb:135
Processing by HomeController#index as HTML
  Rendering home/index.html.erb within layouts/application
  [1m[36mProduct Load (0.4ms)[0m  [1m[34mSELECT "products".* FROM "products"[0m
  ↳ app/views/home/index.html.erb:3
  Rendered home/index.html.erb within layouts/application (3.1ms)
  Rendered layouts/_cart.html.erb (6.2ms)
Completed 200 OK in 1137ms (Views: 1049.9ms | ActiveRecord: 7.3ms)


Started GET "/" for 127.0.0.1 at 2019-01-07 21:46:10 -0300
Processing by HomeController#index as HTML
  Rendering home/index.html.erb within layouts/application
  [1m[36mProduct Load (0.4ms)[0m  [1m[34mSELECT "products".* FROM "products"[0m
  ↳ app/views/home/index.html.erb:3
  Rendered home/index.html.erb within layouts/application (1.9ms)
  Rendered layouts/_cart.html.erb (0.8ms)
Completed 200 OK in 30ms (Views: 27.4ms | ActiveRecord: 0.4ms)


Started GET "/" for 127.0.0.1 at 2019-01-07 21:46:11 -0300
Processing by HomeController#index as HTML
  Rendering home/index.html.erb within layouts/application
  [1m[36mProduct Load (0.4ms)[0m  [1m[34mSELECT "products".* FROM "products"[0m
  ↳ app/views/home/index.html.erb:3
  Rendered home/index.html.erb within layouts/application (2.8ms)
  Rendered layouts/_cart.html.erb (0.7ms)
Completed 200 OK in 35ms (Views: 31.6ms | ActiveRecord: 0.4ms)


Started GET "/" for 127.0.0.1 at 2019-01-07 21:46:11 -0300
Processing by HomeController#index as HTML
  Rendering home/index.html.erb within layouts/application
  [1m[36mProduct Load (0.8ms)[0m  [1m[34mSELECT "products".* FROM "products"[0m
  ↳ app/views/home/index.html.erb:3
  Rendered home/index.html.erb within layouts/application (2.5ms)
  Rendered layouts/_cart.html.erb (0.7ms)
Completed 200 OK in 28ms (Views: 25.4ms | ActiveRecord: 0.8ms)


Started GET "/carts" for 127.0.0.1 at 2019-01-07 21:46:12 -0300
Processing by CartsController#show as HTML
  Rendering carts/show.html.erb within layouts/application
  Rendered carts/_cart_item.html.erb (1.2ms)
  Rendered carts/show.html.erb within layouts/application (2.6ms)
  Rendered layouts/_cart.html.erb (0.5ms)
Completed 200 OK in 30ms (Views: 28.3ms | ActiveRecord: 0.0ms)


Started GET "/" for 127.0.0.1 at 2019-01-07 21:46:13 -0300
Processing by HomeController#index as HTML
  Rendering home/index.html.erb within layouts/application
  [1m[36mProduct Load (0.4ms)[0m  [1m[34mSELECT "products".* FROM "products"[0m
  ↳ app/views/home/index.html.erb:3
  Rendered home/index.html.erb within layouts/application (2.1ms)
  Rendered layouts/_cart.html.erb (0.7ms)
Completed 200 OK in 32ms (Views: 26.7ms | ActiveRecord: 0.4ms)


Started GET "/products" for 127.0.0.1 at 2019-01-07 21:46:18 -0300
Processing by ProductsController#index as HTML
  Rendering products/index.html.erb within layouts/application
  [1m[36mProduct Load (0.4ms)[0m  [1m[34mSELECT "products".* FROM "products"[0m
  ↳ app/views/products/index.html.erb:15
  Rendered products/index.html.erb within layouts/application (2.1ms)
  Rendered layouts/_cart.html.erb (1.3ms)
Completed 200 OK in 32ms (Views: 30.0ms | ActiveRecord: 0.4ms)


Started GET "/products/new" for 127.0.0.1 at 2019-01-07 21:46:20 -0300
Processing by ProductsController#new as HTML
  Rendering products/new.html.erb within layouts/application
  Rendered products/_form.html.erb (8.4ms)
  Rendered products/new.html.erb within layouts/application (9.5ms)
  Rendered layouts/_cart.html.erb (0.8ms)
Completed 200 OK in 42ms (Views: 33.1ms | ActiveRecord: 2.2ms)


Started POST "/products" for 127.0.0.1 at 2019-01-07 21:46:24 -0300
Processing by ProductsController#create as HTML
  Parameters: {"utf8"=>"✓", "authenticity_token"=>"bhb9Eex88mV53UR/+33W5LSx4jHXo67QOeKtJgWCtI8V/rlpTxwsqB/FFyi8LqBYiJzvhfNix9STPZLiEaXxRA==", "product"=>{"title"=>"CocaCola", "price"=>"1500"}, "commit"=>"Save"}
  [1m[35m (0.2ms)[0m  [1m[35mBEGIN[0m
  ↳ app/controllers/products_controller.rb:13
  [1m[36mProduct Create (0.6ms)[0m  [1m[32mINSERT INTO "products" ("title", "price", "created_at", "updated_at") VALUES ($1, $2, $3, $4) RETURNING "id"[0m  [["title", "CocaCola"], ["price", 1500.0], ["created_at", "2019-01-08 00:46:24.393422"], ["updated_at", "2019-01-08 00:46:24.393422"]]
  ↳ app/controllers/products_controller.rb:13
  [1m[35m (58.5ms)[0m  [1m[35mCOMMIT[0m
  ↳ app/controllers/products_controller.rb:13
Redirected to http://localhost:3000/products
Completed 302 Found in 63ms (ActiveRecord: 59.4ms)


Started GET "/products" for 127.0.0.1 at 2019-01-07 21:46:24 -0300
Processing by ProductsController#index as HTML
  Rendering products/index.html.erb within layouts/application
  [1m[36mProduct Load (0.4ms)[0m  [1m[34mSELECT "products".* FROM "products"[0m
  ↳ app/views/products/index.html.erb:15
  Rendered products/index.html.erb within layouts/application (2.4ms)
  Rendered layouts/_cart.html.erb (0.8ms)
Completed 200 OK in 22ms (Views: 21.0ms | ActiveRecord: 0.4ms)


Started GET "/products/new" for 127.0.0.1 at 2019-01-07 21:46:25 -0300
Processing by ProductsController#new as HTML
  Rendering products/new.html.erb within layouts/application
  Rendered products/_form.html.erb (1.5ms)
  Rendered products/new.html.erb within layouts/application (2.4ms)
  Rendered layouts/_cart.html.erb (0.6ms)
Completed 200 OK in 27ms (Views: 25.4ms | ActiveRecord: 0.0ms)


Started POST "/products" for 127.0.0.1 at 2019-01-07 21:46:30 -0300
Processing by ProductsController#create as HTML
  Parameters: {"utf8"=>"✓", "authenticity_token"=>"9+O0MuggzqsgvTG+hYq2bRHIw0EDxceZKBLo3fTR822MC/BKS0AQZkalYunC2cDRLeXO9ScErp2CzdcZ4Pa2pg==", "product"=>{"title"=>"Fanta", "price"=>"2000"}, "commit"=>"Save"}
  [1m[35m (0.2ms)[0m  [1m[35mBEGIN[0m
  ↳ app/controllers/products_controller.rb:13
  [1m[36mProduct Create (0.3ms)[0m  [1m[32mINSERT INTO "products" ("title", "price", "created_at", "updated_at") VALUES ($1, $2, $3, $4) RETURNING "id"[0m  [["title", "Fanta"], ["price", 2000.0], ["created_at", "2019-01-08 00:46:30.188748"], ["updated_at", "2019-01-08 00:46:30.188748"]]
  ↳ app/controllers/products_controller.rb:13
  [1m[35m (44.2ms)[0m  [1m[35mCOMMIT[0m
  ↳ app/controllers/products_controller.rb:13
Redirected to http://localhost:3000/products
Completed 302 Found in 48ms (ActiveRecord: 44.8ms)


Started GET "/products" for 127.0.0.1 at 2019-01-07 21:46:30 -0300
Processing by ProductsController#index as HTML
  Rendering products/index.html.erb within layouts/application
  [1m[36mProduct Load (0.4ms)[0m  [1m[34mSELECT "products".* FROM "products"[0m
  ↳ app/views/products/index.html.erb:15
  Rendered products/index.html.erb within layouts/application (2.2ms)
  Rendered layouts/_cart.html.erb (0.6ms)
Completed 200 OK in 24ms (Views: 22.4ms | ActiveRecord: 0.4ms)


Started GET "/products/new" for 127.0.0.1 at 2019-01-07 21:46:31 -0300
Processing by ProductsController#new as HTML
  Rendering products/new.html.erb within layouts/application
  Rendered products/_form.html.erb (1.9ms)
  Rendered products/new.html.erb within layouts/application (2.8ms)
  Rendered layouts/_cart.html.erb (0.5ms)
Completed 200 OK in 35ms (Views: 32.8ms | ActiveRecord: 0.0ms)


Started POST "/products" for 127.0.0.1 at 2019-01-07 21:46:34 -0300
Processing by ProductsController#create as HTML
  Parameters: {"utf8"=>"✓", "authenticity_token"=>"W+iQ72N0VMyPq9gyifgWUXfAxAPnNVgSPwsX9TVNDUcgANSXwBSKAemzi2XOq2DtS+3Jt8P0MRaV1CgxIWpIjA==", "product"=>{"title"=>"Sprite", "price"=>"2500"}, "commit"=>"Save"}
  [1m[35m (0.2ms)[0m  [1m[35mBEGIN[0m
  ↳ app/controllers/products_controller.rb:13
  [1m[36mProduct Create (0.4ms)[0m  [1m[32mINSERT INTO "products" ("title", "price", "created_at", "updated_at") VALUES ($1, $2, $3, $4) RETURNING "id"[0m  [["title", "Sprite"], ["price", 2500.0], ["created_at", "2019-01-08 00:46:34.963072"], ["updated_at", "2019-01-08 00:46:34.963072"]]
  ↳ app/controllers/products_controller.rb:13
  [1m[35m (77.9ms)[0m  [1m[35mCOMMIT[0m
  ↳ app/controllers/products_controller.rb:13
Redirected to http://localhost:3000/products
Completed 302 Found in 82ms (ActiveRecord: 78.5ms)


Started GET "/products" for 127.0.0.1 at 2019-01-07 21:46:35 -0300
Processing by ProductsController#index as HTML
  Rendering products/index.html.erb within layouts/application
  [1m[36mProduct Load (0.5ms)[0m  [1m[34mSELECT "products".* FROM "products"[0m
  ↳ app/views/products/index.html.erb:15
  Rendered products/index.html.erb within layouts/application (2.6ms)
  Rendered layouts/_cart.html.erb (1.2ms)
Completed 200 OK in 21ms (Views: 19.5ms | ActiveRecord: 0.5ms)


Started GET "/" for 127.0.0.1 at 2019-01-07 21:46:38 -0300
Processing by HomeController#index as HTML
  Rendering home/index.html.erb within layouts/application
  [1m[36mProduct Load (0.4ms)[0m  [1m[34mSELECT "products".* FROM "products"[0m
  ↳ app/views/home/index.html.erb:3
  Rendered home/index.html.erb within layouts/application (13.0ms)
  Rendered layouts/_cart.html.erb (0.6ms)
Completed 200 OK in 39ms (Views: 34.6ms | ActiveRecord: 0.4ms)


Started POST "/order_items" for 127.0.0.1 at 2019-01-07 21:46:40 -0300
Processing by OrderItemsController#create as JS
  Parameters: {"utf8"=>"✓", "order_item"=>{"product_id"=>"1", "quantity"=>"1"}, "commit"=>"Add to cart"}
  [1m[35m (0.3ms)[0m  [1m[35mBEGIN[0m
  ↳ app/controllers/order_items_controller.rb:6
  [1m[36mProduct Load (0.4ms)[0m  [1m[34mSELECT  "products".* FROM "products" WHERE "products"."id" = $1 LIMIT $2[0m  [["id", 1], ["LIMIT", 1]]
  ↳ app/controllers/order_items_controller.rb:6
  [1m[36mOrder Create (0.5ms)[0m  [1m[32mINSERT INTO "orders" ("subtotal", "created_at", "updated_at") VALUES ($1, $2, $3) RETURNING "id"[0m  [["subtotal", 1500.0], ["created_at", "2019-01-08 00:46:40.498868"], ["updated_at", "2019-01-08 00:46:40.498868"]]
  ↳ app/controllers/order_items_controller.rb:6
  [1m[36mOrderItem Create (0.4ms)[0m  [1m[32mINSERT INTO "order_items" ("product_id", "order_id", "unit_price", "quantity", "total_price", "created_at", "updated_at") VALUES ($1, $2, $3, $4, $5, $6, $7) RETURNING "id"[0m  [["product_id", 1], ["order_id", 1], ["unit_price", 1500.0], ["quantity", 1], ["total_price", 1500.0], ["created_at", "2019-01-08 00:46:40.500779"], ["updated_at", "2019-01-08 00:46:40.500779"]]
  ↳ app/controllers/order_items_controller.rb:6
  [1m[35m (41.5ms)[0m  [1m[35mCOMMIT[0m
  ↳ app/controllers/order_items_controller.rb:6
  Rendering order_items/create.js.erb
  [1m[36mOrder Load (0.3ms)[0m  [1m[34mSELECT  "orders".* FROM "orders" WHERE "orders"."id" = $1 LIMIT $2[0m  [["id", 1], ["LIMIT", 1]]
  ↳ app/helpers/application_helper.rb:5
  [1m[35m (0.5ms)[0m  [1m[34mSELECT COUNT(*) FROM "order_items" WHERE "order_items"."order_id" = $1[0m  [["order_id", 1]]
  ↳ app/views/layouts/_cart.html.erb:1
  [1m[36mCACHE Order Load (0.0ms)[0m  [1m[34mSELECT  "orders".* FROM "orders" WHERE "orders"."id" = $1 LIMIT $2[0m  [["id", 1], ["LIMIT", 1]]
  ↳ app/helpers/application_helper.rb:5
  [1m[36mOrderItem Load (0.2ms)[0m  [1m[34mSELECT "order_items".* FROM "order_items" WHERE "order_items"."order_id" = $1[0m  [["order_id", 1]]
  ↳ app/models/order.rb:6
  [1m[36mProduct Load (0.3ms)[0m  [1m[34mSELECT  "products".* FROM "products" WHERE "products"."id" = $1 LIMIT $2[0m  [["id", 1], ["LIMIT", 1]]
  ↳ app/models/order.rb:6
  Rendered layouts/_cart.html.erb (8.8ms)
  Rendered order_items/create.js.erb (22.0ms)
Completed 200 OK in 89ms (Views: 26.7ms | ActiveRecord: 44.7ms)


Started POST "/order_items" for 127.0.0.1 at 2019-01-07 21:46:43 -0300
Processing by OrderItemsController#create as JS
  Parameters: {"utf8"=>"✓", "order_item"=>{"product_id"=>"1", "quantity"=>"5"}, "commit"=>"Add to cart"}
  [1m[36mOrder Load (0.4ms)[0m  [1m[34mSELECT  "orders".* FROM "orders" WHERE "orders"."id" = $1 LIMIT $2[0m  [["id", 1], ["LIMIT", 1]]
  ↳ app/helpers/application_helper.rb:5
  [1m[35m (0.2ms)[0m  [1m[35mBEGIN[0m
  ↳ app/controllers/order_items_controller.rb:6
  [1m[36mProduct Load (0.4ms)[0m  [1m[34mSELECT  "products".* FROM "products" WHERE "products"."id" = $1 LIMIT $2[0m  [["id", 1], ["LIMIT", 1]]
  ↳ app/controllers/order_items_controller.rb:6
  [1m[36mOrderItem Load (0.4ms)[0m  [1m[34mSELECT "order_items".* FROM "order_items" WHERE "order_items"."order_id" = $1[0m  [["order_id", 1]]
  ↳ app/models/order.rb:6
  [1m[36mCACHE Product Load (0.0ms)[0m  [1m[34mSELECT  "products".* FROM "products" WHERE "products"."id" = $1 LIMIT $2[0m  [["id", 1], ["LIMIT", 1]]
  ↳ app/models/order.rb:6
  [1m[36mOrder Update (0.4ms)[0m  [1m[33mUPDATE "orders" SET "subtotal" = $1, "updated_at" = $2 WHERE "orders"."id" = $3[0m  [["subtotal", 9000.0], ["updated_at", "2019-01-08 00:46:43.757342"], ["id", 1]]
  ↳ app/controllers/order_items_controller.rb:6
  [1m[36mOrderItem Create (0.4ms)[0m  [1m[32mINSERT INTO "order_items" ("product_id", "order_id", "unit_price", "quantity", "total_price", "created_at", "updated_at") VALUES ($1, $2, $3, $4, $5, $6, $7) RETURNING "id"[0m  [["product_id", 1], ["order_id", 1], ["unit_price", 1500.0], ["quantity", 5], ["total_price", 7500.0], ["created_at", "2019-01-08 00:46:43.759251"], ["updated_at", "2019-01-08 00:46:43.759251"]]
  ↳ app/controllers/order_items_controller.rb:6
  [1m[35m (26.7ms)[0m  [1m[35mCOMMIT[0m
  ↳ app/controllers/order_items_controller.rb:6
  Rendering order_items/create.js.erb
  [1m[36mOrder Load (0.3ms)[0m  [1m[34mSELECT  "orders".* FROM "orders" WHERE "orders"."id" = $1 LIMIT $2[0m  [["id", 1], ["LIMIT", 1]]
  ↳ app/helpers/application_helper.rb:5
  [1m[35m (0.4ms)[0m  [1m[34mSELECT COUNT(*) FROM "order_items" WHERE "order_items"."order_id" = $1[0m  [["order_id", 1]]
  ↳ app/views/layouts/_cart.html.erb:1
  [1m[36mCACHE Order Load (0.0ms)[0m  [1m[34mSELECT  "orders".* FROM "orders" WHERE "orders"."id" = $1 LIMIT $2[0m  [["id", 1], ["LIMIT", 1]]
  ↳ app/helpers/application_helper.rb:5
  [1m[36mOrderItem Load (0.5ms)[0m  [1m[34mSELECT "order_items".* FROM "order_items" WHERE "order_items"."order_id" = $1[0m  [["order_id", 1]]
  ↳ app/models/order.rb:6
  [1m[36mProduct Load (1.0ms)[0m  [1m[34mSELECT  "products".* FROM "products" WHERE "products"."id" = $1 LIMIT $2[0m  [["id", 1], ["LIMIT", 1]]
  ↳ app/models/order.rb:6
  [1m[36mCACHE Product Load (0.0ms)[0m  [1m[34mSELECT  "products".* FROM "products" WHERE "products"."id" = $1 LIMIT $2[0m  [["id", 1], ["LIMIT", 1]]
  ↳ app/models/order.rb:6
  Rendered layouts/_cart.html.erb (9.5ms)
  Rendered order_items/create.js.erb (13.3ms)
Completed 200 OK in 64ms (Views: 16.6ms | ActiveRecord: 31.0ms)


Started GET "/carts" for 127.0.0.1 at 2019-01-07 21:46:44 -0300
Processing by CartsController#show as HTML
  [1m[36mOrder Load (0.4ms)[0m  [1m[34mSELECT  "orders".* FROM "orders" WHERE "orders"."id" = $1 LIMIT $2[0m  [["id", 1], ["LIMIT", 1]]
  ↳ app/helpers/application_helper.rb:5
  Rendering carts/show.html.erb within layouts/application
  [1m[35m (0.4ms)[0m  [1m[34mSELECT COUNT(*) FROM "order_items" WHERE "order_items"."order_id" = $1[0m  [["order_id", 1]]
  ↳ app/views/carts/_cart_item.html.erb:9
  [1m[36mOrderItem Load (0.3ms)[0m  [1m[34mSELECT "order_items".* FROM "order_items" WHERE "order_items"."order_id" = $1[0m  [["order_id", 1]]
  ↳ app/views/carts/_cart_item.html.erb:10
  [1m[36mProduct Load (0.9ms)[0m  [1m[34mSELECT  "products".* FROM "products" WHERE "products"."id" = $1 LIMIT $2[0m  [["id", 1], ["LIMIT", 1]]
  ↳ app/views/carts/_cart_item.html.erb:14
  [1m[36mCACHE Product Load (0.0ms)[0m  [1m[34mSELECT  "products".* FROM "products" WHERE "products"."id" = $1 LIMIT $2[0m  [["id", 1], ["LIMIT", 1]]
  ↳ app/views/carts/_cart_item.html.erb:14
  Rendered carts/_cart_item.html.erb (9.3ms)
  Rendered carts/show.html.erb within layouts/application (10.5ms)
  [1m[36mCACHE Order Load (0.0ms)[0m  [1m[34mSELECT  "orders".* FROM "orders" WHERE "orders"."id" = $1 LIMIT $2[0m  [["id", 1], ["LIMIT", 1]]
  ↳ app/helpers/application_helper.rb:5
  [1m[35mCACHE  (0.0ms)[0m  [1m[34mSELECT COUNT(*) FROM "order_items" WHERE "order_items"."order_id" = $1[0m  [["order_id", 1]]
  ↳ app/views/layouts/_cart.html.erb:1
  [1m[36mCACHE Order Load (0.0ms)[0m  [1m[34mSELECT  "orders".* FROM "orders" WHERE "orders"."id" = $1 LIMIT $2[0m  [["id", 1], ["LIMIT", 1]]
  ↳ app/helpers/application_helper.rb:5
  [1m[36mCACHE OrderItem Load (0.0ms)[0m  [1m[34mSELECT "order_items".* FROM "order_items" WHERE "order_items"."order_id" = $1[0m  [["order_id", 1]]
  ↳ app/models/order.rb:6
  [1m[36mCACHE Product Load (0.0ms)[0m  [1m[34mSELECT  "products".* FROM "products" WHERE "products"."id" = $1 LIMIT $2[0m  [["id", 1], ["LIMIT", 1]]
  ↳ app/models/order.rb:6
  [1m[36mCACHE Product Load (0.0ms)[0m  [1m[34mSELECT  "products".* FROM "products" WHERE "products"."id" = $1 LIMIT $2[0m  [["id", 1], ["LIMIT", 1]]
  ↳ app/models/order.rb:6
  Rendered layouts/_cart.html.erb (6.3ms)
Completed 200 OK in 56ms (Views: 50.8ms | ActiveRecord: 2.1ms)


Started GET "/carts" for 127.0.0.1 at 2019-01-07 21:46:46 -0300
Processing by CartsController#show as HTML
  [1m[36mOrder Load (1.7ms)[0m  [1m[34mSELECT  "orders".* FROM "orders" WHERE "orders"."id" = $1 LIMIT $2[0m  [["id", 1], ["LIMIT", 1]]
  ↳ app/helpers/application_helper.rb:5
  Rendering carts/show.html.erb within layouts/application
  [1m[35m (0.5ms)[0m  [1m[34mSELECT COUNT(*) FROM "order_items" WHERE "order_items"."order_id" = $1[0m  [["order_id", 1]]
  ↳ app/views/carts/_cart_item.html.erb:9
  [1m[36mOrderItem Load (0.4ms)[0m  [1m[34mSELECT "order_items".* FROM "order_items" WHERE "order_items"."order_id" = $1[0m  [["order_id", 1]]
  ↳ app/views/carts/_cart_item.html.erb:10
  [1m[36mProduct Load (0.5ms)[0m  [1m[34mSELECT  "products".* FROM "products" WHERE "products"."id" = $1 LIMIT $2[0m  [["id", 1], ["LIMIT", 1]]
  ↳ app/views/carts/_cart_item.html.erb:14
  [1m[36mCACHE Product Load (0.0ms)[0m  [1m[34mSELECT  "products".* FROM "products" WHERE "products"."id" = $1 LIMIT $2[0m  [["id", 1], ["LIMIT", 1]]
  ↳ app/views/carts/_cart_item.html.erb:14
  Rendered carts/_cart_item.html.erb (12.2ms)
  Rendered carts/show.html.erb within layouts/application (15.3ms)
  [1m[36mCACHE Order Load (0.0ms)[0m  [1m[34mSELECT  "orders".* FROM "orders" WHERE "orders"."id" = $1 LIMIT $2[0m  [["id", 1], ["LIMIT", 1]]
  ↳ app/helpers/application_helper.rb:5
  [1m[35mCACHE  (0.0ms)[0m  [1m[34mSELECT COUNT(*) FROM "order_items" WHERE "order_items"."order_id" = $1[0m  [["order_id", 1]]
  ↳ app/views/layouts/_cart.html.erb:1
  [1m[36mCACHE Order Load (0.0ms)[0m  [1m[34mSELECT  "orders".* FROM "orders" WHERE "orders"."id" = $1 LIMIT $2[0m  [["id", 1], ["LIMIT", 1]]
  ↳ app/helpers/application_helper.rb:5
  [1m[36mCACHE OrderItem Load (0.0ms)[0m  [1m[34mSELECT "order_items".* FROM "order_items" WHERE "order_items"."order_id" = $1[0m  [["order_id", 1]]
  ↳ app/models/order.rb:6
  [1m[36mCACHE Product Load (0.0ms)[0m  [1m[34mSELECT  "products".* FROM "products" WHERE "products"."id" = $1 LIMIT $2[0m  [["id", 1], ["LIMIT", 1]]
  ↳ app/models/order.rb:6
  [1m[36mCACHE Product Load (0.0ms)[0m  [1m[34mSELECT  "products".* FROM "products" WHERE "products"."id" = $1 LIMIT $2[0m  [["id", 1], ["LIMIT", 1]]
  ↳ app/models/order.rb:6
  Rendered layouts/_cart.html.erb (3.6ms)
Completed 200 OK in 59ms (Views: 52.7ms | ActiveRecord: 3.3ms)


Started GET "/" for 127.0.0.1 at 2019-01-07 21:46:46 -0300
Processing by HomeController#index as HTML
  [1m[36mOrder Load (0.5ms)[0m  [1m[34mSELECT  "orders".* FROM "orders" WHERE "orders"."id" = $1 LIMIT $2[0m  [["id", 1], ["LIMIT", 1]]
  ↳ app/helpers/application_helper.rb:5
  Rendering home/index.html.erb within layouts/application
  [1m[36mProduct Load (0.4ms)[0m  [1m[34mSELECT "products".* FROM "products"[0m
  ↳ app/views/home/index.html.erb:3
  Rendered home/index.html.erb within layouts/application (3.2ms)
  [1m[36mCACHE Order Load (0.0ms)[0m  [1m[34mSELECT  "orders".* FROM "orders" WHERE "orders"."id" = $1 LIMIT $2[0m  [["id", 1], ["LIMIT", 1]]
  ↳ app/helpers/application_helper.rb:5
  [1m[35m (0.4ms)[0m  [1m[34mSELECT COUNT(*) FROM "order_items" WHERE "order_items"."order_id" = $1[0m  [["order_id", 1]]
  ↳ app/views/layouts/_cart.html.erb:1
  [1m[36mCACHE Order Load (0.0ms)[0m  [1m[34mSELECT  "orders".* FROM "orders" WHERE "orders"."id" = $1 LIMIT $2[0m  [["id", 1], ["LIMIT", 1]]
  ↳ app/helpers/application_helper.rb:5
  [1m[36mOrderItem Load (0.3ms)[0m  [1m[34mSELECT "order_items".* FROM "order_items" WHERE "order_items"."order_id" = $1[0m  [["order_id", 1]]
  ↳ app/models/order.rb:6
  [1m[36mProduct Load (0.3ms)[0m  [1m[34mSELECT  "products".* FROM "products" WHERE "products"."id" = $1 LIMIT $2[0m  [["id", 1], ["LIMIT", 1]]
  ↳ app/models/order.rb:6
  [1m[36mCACHE Product Load (0.0ms)[0m  [1m[34mSELECT  "products".* FROM "products" WHERE "products"."id" = $1 LIMIT $2[0m  [["id", 1], ["LIMIT", 1]]
  ↳ app/models/order.rb:6
  Rendered layouts/_cart.html.erb (5.6ms)
Completed 200 OK in 37ms (Views: 32.3ms | ActiveRecord: 2.1ms)


Started GET "/" for 127.0.0.1 at 2019-01-07 21:46:47 -0300
Processing by HomeController#index as HTML
  [1m[36mOrder Load (1.0ms)[0m  [1m[34mSELECT  "orders".* FROM "orders" WHERE "orders"."id" = $1 LIMIT $2[0m  [["id", 1], ["LIMIT", 1]]
  ↳ app/helpers/application_helper.rb:5
  Rendering home/index.html.erb within layouts/application
  [1m[36mProduct Load (0.8ms)[0m  [1m[34mSELECT "products".* FROM "products"[0m
  ↳ app/views/home/index.html.erb:3
  Rendered home/index.html.erb within layouts/application (11.1ms)
  [1m[36mCACHE Order Load (0.0ms)[0m  [1m[34mSELECT  "orders".* FROM "orders" WHERE "orders"."id" = $1 LIMIT $2[0m  [["id", 1], ["LIMIT", 1]]
  ↳ app/helpers/application_helper.rb:5
  [1m[35m (0.5ms)[0m  [1m[34mSELECT COUNT(*) FROM "order_items" WHERE "order_items"."order_id" = $1[0m  [["order_id", 1]]
  ↳ app/views/layouts/_cart.html.erb:1
  [1m[36mCACHE Order Load (0.0ms)[0m  [1m[34mSELECT  "orders".* FROM "orders" WHERE "orders"."id" = $1 LIMIT $2[0m  [["id", 1], ["LIMIT", 1]]
  ↳ app/helpers/application_helper.rb:5
  [1m[36mOrderItem Load (0.5ms)[0m  [1m[34mSELECT "order_items".* FROM "order_items" WHERE "order_items"."order_id" = $1[0m  [["order_id", 1]]
  ↳ app/models/order.rb:6
  [1m[36mProduct Load (0.4ms)[0m  [1m[34mSELECT  "products".* FROM "products" WHERE "products"."id" = $1 LIMIT $2[0m  [["id", 1], ["LIMIT", 1]]
  ↳ app/models/order.rb:6
  [1m[36mCACHE Product Load (0.0ms)[0m  [1m[34mSELECT  "products".* FROM "products" WHERE "products"."id" = $1 LIMIT $2[0m  [["id", 1], ["LIMIT", 1]]
  ↳ app/models/order.rb:6
  Rendered layouts/_cart.html.erb (7.4ms)
Completed 200 OK in 73ms (Views: 63.5ms | ActiveRecord: 3.4ms)


Started GET "/carts" for 127.0.0.1 at 2019-01-07 21:46:49 -0300
Processing by CartsController#show as HTML
  [1m[36mOrder Load (0.5ms)[0m  [1m[34mSELECT  "orders".* FROM "orders" WHERE "orders"."id" = $1 LIMIT $2[0m  [["id", 1], ["LIMIT", 1]]
  ↳ app/helpers/application_helper.rb:5
  Rendering carts/show.html.erb within layouts/application
  [1m[35m (1.4ms)[0m  [1m[34mSELECT COUNT(*) FROM "order_items" WHERE "order_items"."order_id" = $1[0m  [["order_id", 1]]
  ↳ app/views/carts/_cart_item.html.erb:9
  [1m[36mOrderItem Load (0.6ms)[0m  [1m[34mSELECT "order_items".* FROM "order_items" WHERE "order_items"."order_id" = $1[0m  [["order_id", 1]]
  ↳ app/views/carts/_cart_item.html.erb:10
  [1m[36mProduct Load (3.4ms)[0m  [1m[34mSELECT  "products".* FROM "products" WHERE "products"."id" = $1 LIMIT $2[0m  [["id", 1], ["LIMIT", 1]]
  ↳ app/views/carts/_cart_item.html.erb:14
  [1m[36mCACHE Product Load (0.0ms)[0m  [1m[34mSELECT  "products".* FROM "products" WHERE "products"."id" = $1 LIMIT $2[0m  [["id", 1], ["LIMIT", 1]]
  ↳ app/views/carts/_cart_item.html.erb:14
  Rendered carts/_cart_item.html.erb (12.2ms)
  Rendered carts/show.html.erb within layouts/application (13.3ms)
  [1m[36mCACHE Order Load (0.0ms)[0m  [1m[34mSELECT  "orders".* FROM "orders" WHERE "orders"."id" = $1 LIMIT $2[0m  [["id", 1], ["LIMIT", 1]]
  ↳ app/helpers/application_helper.rb:5
  [1m[35mCACHE  (0.0ms)[0m  [1m[34mSELECT COUNT(*) FROM "order_items" WHERE "order_items"."order_id" = $1[0m  [["order_id", 1]]
  ↳ app/views/layouts/_cart.html.erb:1
  [1m[36mCACHE Order Load (0.0ms)[0m  [1m[34mSELECT  "orders".* FROM "orders" WHERE "orders"."id" = $1 LIMIT $2[0m  [["id", 1], ["LIMIT", 1]]
  ↳ app/helpers/application_helper.rb:5
  [1m[36mCACHE OrderItem Load (0.0ms)[0m  [1m[34mSELECT "order_items".* FROM "order_items" WHERE "order_items"."order_id" = $1[0m  [["order_id", 1]]
  ↳ app/models/order.rb:6
  [1m[36mCACHE Product Load (0.0ms)[0m  [1m[34mSELECT  "products".* FROM "products" WHERE "products"."id" = $1 LIMIT $2[0m  [["id", 1], ["LIMIT", 1]]
  ↳ app/models/order.rb:6
  [1m[36mCACHE Product Load (0.0ms)[0m  [1m[34mSELECT  "products".* FROM "products" WHERE "products"."id" = $1 LIMIT $2[0m  [["id", 1], ["LIMIT", 1]]
  ↳ app/models/order.rb:6
  Rendered layouts/_cart.html.erb (3.7ms)
Completed 200 OK in 42ms (Views: 34.3ms | ActiveRecord: 6.0ms)


Started DELETE "/order_items/1" for 127.0.0.1 at 2019-01-07 21:46:51 -0300
Processing by OrderItemsController#destroy as JS
  Parameters: {"id"=>"1"}
  [1m[36mOrder Load (0.5ms)[0m  [1m[34mSELECT  "orders".* FROM "orders" WHERE "orders"."id" = $1 LIMIT $2[0m  [["id", 1], ["LIMIT", 1]]
  ↳ app/helpers/application_helper.rb:5
  [1m[36mOrderItem Load (0.9ms)[0m  [1m[34mSELECT  "order_items".* FROM "order_items" WHERE "order_items"."order_id" = $1 AND "order_items"."id" = $2 LIMIT $3[0m  [["order_id", 1], ["id", 1], ["LIMIT", 1]]
  ↳ app/controllers/order_items_controller.rb:19
  [1m[35m (0.2ms)[0m  [1m[35mBEGIN[0m
  ↳ app/controllers/order_items_controller.rb:20
  [1m[36mOrderItem Destroy (0.3ms)[0m  [1m[31mDELETE FROM "order_items" WHERE "order_items"."id" = $1[0m  [["id", 1]]
  ↳ app/controllers/order_items_controller.rb:20
  [1m[35m (79.6ms)[0m  [1m[35mCOMMIT[0m
  ↳ app/controllers/order_items_controller.rb:20
  Rendering order_items/destroy.js.erb
  [1m[36mOrder Load (0.3ms)[0m  [1m[34mSELECT  "orders".* FROM "orders" WHERE "orders"."id" = $1 LIMIT $2[0m  [["id", 1], ["LIMIT", 1]]
  ↳ app/helpers/application_helper.rb:5
  [1m[35m (0.3ms)[0m  [1m[34mSELECT COUNT(*) FROM "order_items" WHERE "order_items"."order_id" = $1[0m  [["order_id", 1]]
  ↳ app/views/layouts/_cart.html.erb:1
  [1m[36mCACHE Order Load (0.0ms)[0m  [1m[34mSELECT  "orders".* FROM "orders" WHERE "orders"."id" = $1 LIMIT $2[0m  [["id", 1], ["LIMIT", 1]]
  ↳ app/helpers/application_helper.rb:5
  [1m[36mOrderItem Load (0.3ms)[0m  [1m[34mSELECT "order_items".* FROM "order_items" WHERE "order_items"."order_id" = $1[0m  [["order_id", 1]]
  ↳ app/models/order.rb:6
  [1m[36mProduct Load (0.3ms)[0m  [1m[34mSELECT  "products".* FROM "products" WHERE "products"."id" = $1 LIMIT $2[0m  [["id", 1], ["LIMIT", 1]]
  ↳ app/models/order.rb:6
  Rendered layouts/_cart.html.erb (4.7ms)
  [1m[35mCACHE  (0.0ms)[0m  [1m[34mSELECT COUNT(*) FROM "order_items" WHERE "order_items"."order_id" = $1[0m  [["order_id", 1]]
  ↳ app/views/carts/_cart_item.html.erb:9
  [1m[36mCACHE OrderItem Load (0.0ms)[0m  [1m[34mSELECT "order_items".* FROM "order_items" WHERE "order_items"."order_id" = $1[0m  [["order_id", 1]]
  ↳ app/views/carts/_cart_item.html.erb:10
  [1m[36mCACHE Product Load (0.0ms)[0m  [1m[34mSELECT  "products".* FROM "products" WHERE "products"."id" = $1 LIMIT $2[0m  [["id", 1], ["LIMIT", 1]]
  ↳ app/views/carts/_cart_item.html.erb:14
  Rendered carts/_cart_item.html.erb (2.8ms)
  Rendered order_items/destroy.js.erb (16.0ms)
Completed 200 OK in 113ms (Views: 19.9ms | ActiveRecord: 82.7ms)


Started DELETE "/order_items/1" for 127.0.0.1 at 2019-01-07 21:46:53 -0300
Processing by OrderItemsController#destroy as JS
  Parameters: {"id"=>"1"}
  [1m[36mOrder Load (1.0ms)[0m  [1m[34mSELECT  "orders".* FROM "orders" WHERE "orders"."id" = $1 LIMIT $2[0m  [["id", 1], ["LIMIT", 1]]
  ↳ app/helpers/application_helper.rb:5
  [1m[36mOrderItem Load (0.4ms)[0m  [1m[34mSELECT  "order_items".* FROM "order_items" WHERE "order_items"."order_id" = $1 AND "order_items"."id" = $2 LIMIT $3[0m  [["order_id", 1], ["id", 1], ["LIMIT", 1]]
  ↳ app/controllers/order_items_controller.rb:19
Completed 404 Not Found in 4ms (ActiveRecord: 1.5ms)


  
ActiveRecord::RecordNotFound (Couldn't find OrderItem with 'id'=1 [WHERE "order_items"."order_id" = $1]):
  
app/controllers/order_items_controller.rb:19:in `destroy'
Started DELETE "/order_items/2" for 127.0.0.1 at 2019-01-07 21:46:54 -0300
Processing by OrderItemsController#destroy as JS
  Parameters: {"id"=>"2"}
  [1m[36mOrder Load (0.4ms)[0m  [1m[34mSELECT  "orders".* FROM "orders" WHERE "orders"."id" = $1 LIMIT $2[0m  [["id", 1], ["LIMIT", 1]]
  ↳ app/helpers/application_helper.rb:5
  [1m[36mOrderItem Load (0.4ms)[0m  [1m[34mSELECT  "order_items".* FROM "order_items" WHERE "order_items"."order_id" = $1 AND "order_items"."id" = $2 LIMIT $3[0m  [["order_id", 1], ["id", 2], ["LIMIT", 1]]
  ↳ app/controllers/order_items_controller.rb:19
  [1m[35m (0.1ms)[0m  [1m[35mBEGIN[0m
  ↳ app/controllers/order_items_controller.rb:20
  [1m[36mOrderItem Destroy (0.2ms)[0m  [1m[31mDELETE FROM "order_items" WHERE "order_items"."id" = $1[0m  [["id", 2]]
  ↳ app/controllers/order_items_controller.rb:20
  [1m[35m (45.8ms)[0m  [1m[35mCOMMIT[0m
  ↳ app/controllers/order_items_controller.rb:20
  Rendering order_items/destroy.js.erb
  [1m[36mOrder Load (0.4ms)[0m  [1m[34mSELECT  "orders".* FROM "orders" WHERE "orders"."id" = $1 LIMIT $2[0m  [["id", 1], ["LIMIT", 1]]
  ↳ app/helpers/application_helper.rb:5
  [1m[35m (0.3ms)[0m  [1m[34mSELECT COUNT(*) FROM "order_items" WHERE "order_items"."order_id" = $1[0m  [["order_id", 1]]
  ↳ app/views/layouts/_cart.html.erb:1
  [1m[36mCACHE Order Load (0.0ms)[0m  [1m[34mSELECT  "orders".* FROM "orders" WHERE "orders"."id" = $1 LIMIT $2[0m  [["id", 1], ["LIMIT", 1]]
  ↳ app/helpers/application_helper.rb:5
  [1m[36mOrderItem Load (0.3ms)[0m  [1m[34mSELECT "order_items".* FROM "order_items" WHERE "order_items"."order_id" = $1[0m  [["order_id", 1]]
  ↳ app/models/order.rb:6
  Rendered layouts/_cart.html.erb (3.7ms)
  [1m[35mCACHE  (0.0ms)[0m  [1m[34mSELECT COUNT(*) FROM "order_items" WHERE "order_items"."order_id" = $1[0m  [["order_id", 1]]
  ↳ app/views/carts/_cart_item.html.erb:9
  Rendered carts/_cart_item.html.erb (1.1ms)
  Rendered order_items/destroy.js.erb (12.4ms)
Completed 200 OK in 74ms (Views: 17.8ms | ActiveRecord: 48.1ms)


Started GET "/carts" for 127.0.0.1 at 2019-01-07 21:46:55 -0300
Processing by CartsController#show as HTML
  [1m[36mOrder Load (0.4ms)[0m  [1m[34mSELECT  "orders".* FROM "orders" WHERE "orders"."id" = $1 LIMIT $2[0m  [["id", 1], ["LIMIT", 1]]
  ↳ app/helpers/application_helper.rb:5
  Rendering carts/show.html.erb within layouts/application
  [1m[35m (0.4ms)[0m  [1m[34mSELECT COUNT(*) FROM "order_items" WHERE "order_items"."order_id" = $1[0m  [["order_id", 1]]
  ↳ app/views/carts/_cart_item.html.erb:9
  Rendered carts/_cart_item.html.erb (1.7ms)
  Rendered carts/show.html.erb within layouts/application (2.4ms)
  [1m[36mCACHE Order Load (0.0ms)[0m  [1m[34mSELECT  "orders".* FROM "orders" WHERE "orders"."id" = $1 LIMIT $2[0m  [["id", 1], ["LIMIT", 1]]
  ↳ app/helpers/application_helper.rb:5
  [1m[35mCACHE  (0.0ms)[0m  [1m[34mSELECT COUNT(*) FROM "order_items" WHERE "order_items"."order_id" = $1[0m  [["order_id", 1]]
  ↳ app/views/layouts/_cart.html.erb:1
  [1m[36mCACHE Order Load (0.0ms)[0m  [1m[34mSELECT  "orders".* FROM "orders" WHERE "orders"."id" = $1 LIMIT $2[0m  [["id", 1], ["LIMIT", 1]]
  ↳ app/helpers/application_helper.rb:5
  [1m[36mOrderItem Load (0.4ms)[0m  [1m[34mSELECT "order_items".* FROM "order_items" WHERE "order_items"."order_id" = $1[0m  [["order_id", 1]]
  ↳ app/models/order.rb:6
  Rendered layouts/_cart.html.erb (3.1ms)
Completed 200 OK in 25ms (Views: 21.6ms | ActiveRecord: 1.2ms)


Started GET "/carts" for 127.0.0.1 at 2019-01-07 21:46:56 -0300
Processing by CartsController#show as HTML
  [1m[36mOrder Load (0.5ms)[0m  [1m[34mSELECT  "orders".* FROM "orders" WHERE "orders"."id" = $1 LIMIT $2[0m  [["id", 1], ["LIMIT", 1]]
  ↳ app/helpers/application_helper.rb:5
  Rendering carts/show.html.erb within layouts/application
  [1m[35m (0.5ms)[0m  [1m[34mSELECT COUNT(*) FROM "order_items" WHERE "order_items"."order_id" = $1[0m  [["order_id", 1]]
  ↳ app/views/carts/_cart_item.html.erb:9
  Rendered carts/_cart_item.html.erb (2.6ms)
  Rendered carts/show.html.erb within layouts/application (3.8ms)
  [1m[36mCACHE Order Load (0.0ms)[0m  [1m[34mSELECT  "orders".* FROM "orders" WHERE "orders"."id" = $1 LIMIT $2[0m  [["id", 1], ["LIMIT", 1]]
  ↳ app/helpers/application_helper.rb:5
  [1m[35mCACHE  (0.0ms)[0m  [1m[34mSELECT COUNT(*) FROM "order_items" WHERE "order_items"."order_id" = $1[0m  [["order_id", 1]]
  ↳ app/views/layouts/_cart.html.erb:1
  [1m[36mCACHE Order Load (0.0ms)[0m  [1m[34mSELECT  "orders".* FROM "orders" WHERE "orders"."id" = $1 LIMIT $2[0m  [["id", 1], ["LIMIT", 1]]
  ↳ app/helpers/application_helper.rb:5
  [1m[36mOrderItem Load (0.4ms)[0m  [1m[34mSELECT "order_items".* FROM "order_items" WHERE "order_items"."order_id" = $1[0m  [["order_id", 1]]
  ↳ app/models/order.rb:6
  Rendered layouts/_cart.html.erb (3.5ms)
Completed 200 OK in 29ms (Views: 25.9ms | ActiveRecord: 1.5ms)


Started GET "/carts" for 127.0.0.1 at 2019-01-07 21:46:57 -0300
Processing by CartsController#show as HTML
  [1m[36mOrder Load (0.4ms)[0m  [1m[34mSELECT  "orders".* FROM "orders" WHERE "orders"."id" = $1 LIMIT $2[0m  [["id", 1], ["LIMIT", 1]]
  ↳ app/helpers/application_helper.rb:5
  Rendering carts/show.html.erb within layouts/application
  [1m[35m (1.3ms)[0m  [1m[34mSELECT COUNT(*) FROM "order_items" WHERE "order_items"."order_id" = $1[0m  [["order_id", 1]]
  ↳ app/views/carts/_cart_item.html.erb:9
  Rendered carts/_cart_item.html.erb (3.6ms)
  Rendered carts/show.html.erb within layouts/application (4.9ms)
  [1m[36mCACHE Order Load (0.0ms)[0m  [1m[34mSELECT  "orders".* FROM "orders" WHERE "orders"."id" = $1 LIMIT $2[0m  [["id", 1], ["LIMIT", 1]]
  ↳ app/helpers/application_helper.rb:5
  [1m[35mCACHE  (0.0ms)[0m  [1m[34mSELECT COUNT(*) FROM "order_items" WHERE "order_items"."order_id" = $1[0m  [["order_id", 1]]
  ↳ app/views/layouts/_cart.html.erb:1
  [1m[36mCACHE Order Load (0.0ms)[0m  [1m[34mSELECT  "orders".* FROM "orders" WHERE "orders"."id" = $1 LIMIT $2[0m  [["id", 1], ["LIMIT", 1]]
  ↳ app/helpers/application_helper.rb:5
  [1m[36mOrderItem Load (0.4ms)[0m  [1m[34mSELECT "order_items".* FROM "order_items" WHERE "order_items"."order_id" = $1[0m  [["order_id", 1]]
  ↳ app/models/order.rb:6
  Rendered layouts/_cart.html.erb (3.0ms)
Completed 200 OK in 33ms (Views: 28.8ms | ActiveRecord: 2.1ms)


Started GET "/" for 127.0.0.1 at 2019-01-07 21:46:58 -0300
Processing by HomeController#index as HTML
  [1m[36mOrder Load (1.1ms)[0m  [1m[34mSELECT  "orders".* FROM "orders" WHERE "orders"."id" = $1 LIMIT $2[0m  [["id", 1], ["LIMIT", 1]]
  ↳ app/helpers/application_helper.rb:5
  Rendering home/index.html.erb within layouts/application
  [1m[36mProduct Load (0.6ms)[0m  [1m[34mSELECT "products".* FROM "products"[0m
  ↳ app/views/home/index.html.erb:3
  Rendered home/index.html.erb within layouts/application (4.4ms)
  [1m[36mCACHE Order Load (0.0ms)[0m  [1m[34mSELECT  "orders".* FROM "orders" WHERE "orders"."id" = $1 LIMIT $2[0m  [["id", 1], ["LIMIT", 1]]
  ↳ app/helpers/application_helper.rb:5
  [1m[35m (0.5ms)[0m  [1m[34mSELECT COUNT(*) FROM "order_items" WHERE "order_items"."order_id" = $1[0m  [["order_id", 1]]
  ↳ app/views/layouts/_cart.html.erb:1
  [1m[36mCACHE Order Load (0.0ms)[0m  [1m[34mSELECT  "orders".* FROM "orders" WHERE "orders"."id" = $1 LIMIT $2[0m  [["id", 1], ["LIMIT", 1]]
  ↳ app/helpers/application_helper.rb:5
  [1m[36mOrderItem Load (0.4ms)[0m  [1m[34mSELECT "order_items".* FROM "order_items" WHERE "order_items"."order_id" = $1[0m  [["order_id", 1]]
  ↳ app/models/order.rb:6
  Rendered layouts/_cart.html.erb (4.0ms)
Completed 200 OK in 35ms (Views: 27.3ms | ActiveRecord: 2.6ms)


Started GET "/" for 127.0.0.1 at 2019-01-07 21:46:58 -0300
Processing by HomeController#index as HTML
  [1m[36mOrder Load (0.6ms)[0m  [1m[34mSELECT  "orders".* FROM "orders" WHERE "orders"."id" = $1 LIMIT $2[0m  [["id", 1], ["LIMIT", 1]]
  ↳ app/helpers/application_helper.rb:5
  Rendering home/index.html.erb within layouts/application
  [1m[36mProduct Load (0.4ms)[0m  [1m[34mSELECT "products".* FROM "products"[0m
  ↳ app/views/home/index.html.erb:3
  Rendered home/index.html.erb within layouts/application (3.4ms)
  [1m[36mCACHE Order Load (0.0ms)[0m  [1m[34mSELECT  "orders".* FROM "orders" WHERE "orders"."id" = $1 LIMIT $2[0m  [["id", 1], ["LIMIT", 1]]
  ↳ app/helpers/application_helper.rb:5
  [1m[35m (0.8ms)[0m  [1m[34mSELECT COUNT(*) FROM "order_items" WHERE "order_items"."order_id" = $1[0m  [["order_id", 1]]
  ↳ app/views/layouts/_cart.html.erb:1
  [1m[36mCACHE Order Load (0.0ms)[0m  [1m[34mSELECT  "orders".* FROM "orders" WHERE "orders"."id" = $1 LIMIT $2[0m  [["id", 1], ["LIMIT", 1]]
  ↳ app/helpers/application_helper.rb:5
  [1m[36mOrderItem Load (0.3ms)[0m  [1m[34mSELECT "order_items".* FROM "order_items" WHERE "order_items"."order_id" = $1[0m  [["order_id", 1]]
  ↳ app/models/order.rb:6
  Rendered layouts/_cart.html.erb (4.8ms)
Completed 200 OK in 34ms (Views: 29.3ms | ActiveRecord: 2.2ms)


Started GET "/carts" for 127.0.0.1 at 2019-01-07 21:46:59 -0300
Processing by CartsController#show as HTML
  [1m[36mOrder Load (0.9ms)[0m  [1m[34mSELECT  "orders".* FROM "orders" WHERE "orders"."id" = $1 LIMIT $2[0m  [["id", 1], ["LIMIT", 1]]
  ↳ app/helpers/application_helper.rb:5
  Rendering carts/show.html.erb within layouts/application
  [1m[35m (0.5ms)[0m  [1m[34mSELECT COUNT(*) FROM "order_items" WHERE "order_items"."order_id" = $1[0m  [["order_id", 1]]
  ↳ app/views/carts/_cart_item.html.erb:9
  Rendered carts/_cart_item.html.erb (2.7ms)
  Rendered carts/show.html.erb within layouts/application (4.0ms)
  [1m[36mCACHE Order Load (0.0ms)[0m  [1m[34mSELECT  "orders".* FROM "orders" WHERE "orders"."id" = $1 LIMIT $2[0m  [["id", 1], ["LIMIT", 1]]
  ↳ app/helpers/application_helper.rb:5
  [1m[35mCACHE  (0.0ms)[0m  [1m[34mSELECT COUNT(*) FROM "order_items" WHERE "order_items"."order_id" = $1[0m  [["order_id", 1]]
  ↳ app/views/layouts/_cart.html.erb:1
  [1m[36mCACHE Order Load (0.0ms)[0m  [1m[34mSELECT  "orders".* FROM "orders" WHERE "orders"."id" = $1 LIMIT $2[0m  [["id", 1], ["LIMIT", 1]]
  ↳ app/helpers/application_helper.rb:5
  [1m[36mOrderItem Load (0.3ms)[0m  [1m[34mSELECT "order_items".* FROM "order_items" WHERE "order_items"."order_id" = $1[0m  [["order_id", 1]]
  ↳ app/models/order.rb:6
  Rendered layouts/_cart.html.erb (3.0ms)
Completed 200 OK in 38ms (Views: 32.4ms | ActiveRecord: 1.7ms)


Started GET "/carts" for 127.0.0.1 at 2019-01-07 21:47:01 -0300
Processing by CartsController#show as HTML
  [1m[36mOrder Load (0.6ms)[0m  [1m[34mSELECT  "orders".* FROM "orders" WHERE "orders"."id" = $1 LIMIT $2[0m  [["id", 1], ["LIMIT", 1]]
  ↳ app/helpers/application_helper.rb:5
  Rendering carts/show.html.erb within layouts/application
  [1m[35m (5.4ms)[0m  [1m[34mSELECT COUNT(*) FROM "order_items" WHERE "order_items"."order_id" = $1[0m  [["order_id", 1]]
  ↳ app/views/carts/_cart_item.html.erb:9
  Rendered carts/_cart_item.html.erb (7.7ms)
  Rendered carts/show.html.erb within layouts/application (9.1ms)
  [1m[36mCACHE Order Load (0.0ms)[0m  [1m[34mSELECT  "orders".* FROM "orders" WHERE "orders"."id" = $1 LIMIT $2[0m  [["id", 1], ["LIMIT", 1]]
  ↳ app/helpers/application_helper.rb:5
  [1m[35mCACHE  (0.0ms)[0m  [1m[34mSELECT COUNT(*) FROM "order_items" WHERE "order_items"."order_id" = $1[0m  [["order_id", 1]]
  ↳ app/views/layouts/_cart.html.erb:1
  [1m[36mCACHE Order Load (0.0ms)[0m  [1m[34mSELECT  "orders".* FROM "orders" WHERE "orders"."id" = $1 LIMIT $2[0m  [["id", 1], ["LIMIT", 1]]
  ↳ app/helpers/application_helper.rb:5
  [1m[36mOrderItem Load (0.4ms)[0m  [1m[34mSELECT "order_items".* FROM "order_items" WHERE "order_items"."order_id" = $1[0m  [["order_id", 1]]
  ↳ app/models/order.rb:6
  Rendered layouts/_cart.html.erb (3.2ms)
Completed 200 OK in 38ms (Views: 29.6ms | ActiveRecord: 6.4ms)


Started GET "/" for 127.0.0.1 at 2019-01-07 21:47:01 -0300
Processing by HomeController#index as HTML
  [1m[36mOrder Load (0.5ms)[0m  [1m[34mSELECT  "orders".* FROM "orders" WHERE "orders"."id" = $1 LIMIT $2[0m  [["id", 1], ["LIMIT", 1]]
  ↳ app/helpers/application_helper.rb:5
  Rendering home/index.html.erb within layouts/application
  [1m[36mProduct Load (0.5ms)[0m  [1m[34mSELECT "products".* FROM "products"[0m
  ↳ app/views/home/index.html.erb:3
  Rendered home/index.html.erb within layouts/application (14.1ms)
  [1m[36mCACHE Order Load (0.0ms)[0m  [1m[34mSELECT  "orders".* FROM "orders" WHERE "orders"."id" = $1 LIMIT $2[0m  [["id", 1], ["LIMIT", 1]]
  ↳ app/helpers/application_helper.rb:5
  [1m[35m (0.4ms)[0m  [1m[34mSELECT COUNT(*) FROM "order_items" WHERE "order_items"."order_id" = $1[0m  [["order_id", 1]]
  ↳ app/views/layouts/_cart.html.erb:1
  [1m[36mCACHE Order Load (0.0ms)[0m  [1m[34mSELECT  "orders".* FROM "orders" WHERE "orders"."id" = $1 LIMIT $2[0m  [["id", 1], ["LIMIT", 1]]
  ↳ app/helpers/application_helper.rb:5
  [1m[36mOrderItem Load (0.3ms)[0m  [1m[34mSELECT "order_items".* FROM "order_items" WHERE "order_items"."order_id" = $1[0m  [["order_id", 1]]
  ↳ app/models/order.rb:6
  Rendered layouts/_cart.html.erb (3.4ms)
Completed 200 OK in 42ms (Views: 37.2ms | ActiveRecord: 1.7ms)


Started GET "/carts" for 127.0.0.1 at 2019-01-07 21:47:02 -0300
Processing by CartsController#show as HTML
  [1m[36mOrder Load (0.8ms)[0m  [1m[34mSELECT  "orders".* FROM "orders" WHERE "orders"."id" = $1 LIMIT $2[0m  [["id", 1], ["LIMIT", 1]]
  ↳ app/helpers/application_helper.rb:5
  Rendering carts/show.html.erb within layouts/application
  [1m[35m (0.4ms)[0m  [1m[34mSELECT COUNT(*) FROM "order_items" WHERE "order_items"."order_id" = $1[0m  [["order_id", 1]]
  ↳ app/views/carts/_cart_item.html.erb:9
  Rendered carts/_cart_item.html.erb (2.1ms)
  Rendered carts/show.html.erb within layouts/application (3.5ms)
  [1m[36mCACHE Order Load (0.0ms)[0m  [1m[34mSELECT  "orders".* FROM "orders" WHERE "orders"."id" = $1 LIMIT $2[0m  [["id", 1], ["LIMIT", 1]]
  ↳ app/helpers/application_helper.rb:5
  [1m[35mCACHE  (0.0ms)[0m  [1m[34mSELECT COUNT(*) FROM "order_items" WHERE "order_items"."order_id" = $1[0m  [["order_id", 1]]
  ↳ app/views/layouts/_cart.html.erb:1
  [1m[36mCACHE Order Load (0.0ms)[0m  [1m[34mSELECT  "orders".* FROM "orders" WHERE "orders"."id" = $1 LIMIT $2[0m  [["id", 1], ["LIMIT", 1]]
  ↳ app/helpers/application_helper.rb:5
  [1m[36mOrderItem Load (0.3ms)[0m  [1m[34mSELECT "order_items".* FROM "order_items" WHERE "order_items"."order_id" = $1[0m  [["order_id", 1]]
  ↳ app/models/order.rb:6
  Rendered layouts/_cart.html.erb (2.7ms)
Completed 200 OK in 37ms (Views: 31.7ms | ActiveRecord: 1.6ms)


Started GET "/" for 127.0.0.1 at 2019-01-07 21:47:03 -0300
Processing by HomeController#index as HTML
  [1m[36mOrder Load (0.5ms)[0m  [1m[34mSELECT  "orders".* FROM "orders" WHERE "orders"."id" = $1 LIMIT $2[0m  [["id", 1], ["LIMIT", 1]]
  ↳ app/helpers/application_helper.rb:5
  Rendering home/index.html.erb within layouts/application
  [1m[36mProduct Load (0.4ms)[0m  [1m[34mSELECT "products".* FROM "products"[0m
  ↳ app/views/home/index.html.erb:3
  Rendered home/index.html.erb within layouts/application (3.3ms)
  [1m[36mCACHE Order Load (0.0ms)[0m  [1m[34mSELECT  "orders".* FROM "orders" WHERE "orders"."id" = $1 LIMIT $2[0m  [["id", 1], ["LIMIT", 1]]
  ↳ app/helpers/application_helper.rb:5
  [1m[35m (0.4ms)[0m  [1m[34mSELECT COUNT(*) FROM "order_items" WHERE "order_items"."order_id" = $1[0m  [["order_id", 1]]
  ↳ app/views/layouts/_cart.html.erb:1
  [1m[36mCACHE Order Load (0.0ms)[0m  [1m[34mSELECT  "orders".* FROM "orders" WHERE "orders"."id" = $1 LIMIT $2[0m  [["id", 1], ["LIMIT", 1]]
  ↳ app/helpers/application_helper.rb:5
  [1m[36mOrderItem Load (0.4ms)[0m  [1m[34mSELECT "order_items".* FROM "order_items" WHERE "order_items"."order_id" = $1[0m  [["order_id", 1]]
  ↳ app/models/order.rb:6
  Rendered layouts/_cart.html.erb (3.5ms)
Completed 200 OK in 34ms (Views: 30.6ms | ActiveRecord: 1.6ms)


Started POST "/order_items" for 127.0.0.1 at 2019-01-07 21:47:05 -0300
Processing by OrderItemsController#create as JS
  Parameters: {"utf8"=>"✓", "order_item"=>{"product_id"=>"1", "quantity"=>"1"}, "commit"=>"Add to cart"}
  [1m[36mOrder Load (0.4ms)[0m  [1m[34mSELECT  "orders".* FROM "orders" WHERE "orders"."id" = $1 LIMIT $2[0m  [["id", 1], ["LIMIT", 1]]
  ↳ app/helpers/application_helper.rb:5
  [1m[35m (0.2ms)[0m  [1m[35mBEGIN[0m
  ↳ app/controllers/order_items_controller.rb:6
  [1m[36mProduct Load (0.4ms)[0m  [1m[34mSELECT  "products".* FROM "products" WHERE "products"."id" = $1 LIMIT $2[0m  [["id", 1], ["LIMIT", 1]]
  ↳ app/controllers/order_items_controller.rb:6
  [1m[36mOrderItem Load (0.3ms)[0m  [1m[34mSELECT "order_items".* FROM "order_items" WHERE "order_items"."order_id" = $1[0m  [["order_id", 1]]
  ↳ app/models/order.rb:6
  [1m[36mOrder Update (0.5ms)[0m  [1m[33mUPDATE "orders" SET "subtotal" = $1, "updated_at" = $2 WHERE "orders"."id" = $3[0m  [["subtotal", 1500.0], ["updated_at", "2019-01-08 00:47:05.582489"], ["id", 1]]
  ↳ app/controllers/order_items_controller.rb:6
  [1m[36mOrderItem Create (0.5ms)[0m  [1m[32mINSERT INTO "order_items" ("product_id", "order_id", "unit_price", "quantity", "total_price", "created_at", "updated_at") VALUES ($1, $2, $3, $4, $5, $6, $7) RETURNING "id"[0m  [["product_id", 1], ["order_id", 1], ["unit_price", 1500.0], ["quantity", 1], ["total_price", 1500.0], ["created_at", "2019-01-08 00:47:05.584972"], ["updated_at", "2019-01-08 00:47:05.584972"]]
  ↳ app/controllers/order_items_controller.rb:6
  [1m[35m (68.6ms)[0m  [1m[35mCOMMIT[0m
  ↳ app/controllers/order_items_controller.rb:6
  Rendering order_items/create.js.erb
  [1m[36mOrder Load (0.3ms)[0m  [1m[34mSELECT  "orders".* FROM "orders" WHERE "orders"."id" = $1 LIMIT $2[0m  [["id", 1], ["LIMIT", 1]]
  ↳ app/helpers/application_helper.rb:5
  [1m[35m (0.3ms)[0m  [1m[34mSELECT COUNT(*) FROM "order_items" WHERE "order_items"."order_id" = $1[0m  [["order_id", 1]]
  ↳ app/views/layouts/_cart.html.erb:1
  [1m[36mCACHE Order Load (0.0ms)[0m  [1m[34mSELECT  "orders".* FROM "orders" WHERE "orders"."id" = $1 LIMIT $2[0m  [["id", 1], ["LIMIT", 1]]
  ↳ app/helpers/application_helper.rb:5
  [1m[36mOrderItem Load (0.3ms)[0m  [1m[34mSELECT "order_items".* FROM "order_items" WHERE "order_items"."order_id" = $1[0m  [["order_id", 1]]
  ↳ app/models/order.rb:6
  [1m[36mProduct Load (0.4ms)[0m  [1m[34mSELECT  "products".* FROM "products" WHERE "products"."id" = $1 LIMIT $2[0m  [["id", 1], ["LIMIT", 1]]
  ↳ app/models/order.rb:6
  Rendered layouts/_cart.html.erb (5.4ms)
  Rendered order_items/create.js.erb (9.6ms)
Completed 200 OK in 98ms (Views: 13.3ms | ActiveRecord: 72.2ms)


Started GET "/" for 127.0.0.1 at 2019-01-07 21:47:07 -0300
Processing by HomeController#index as HTML
  [1m[36mOrder Load (0.5ms)[0m  [1m[34mSELECT  "orders".* FROM "orders" WHERE "orders"."id" = $1 LIMIT $2[0m  [["id", 1], ["LIMIT", 1]]
  ↳ app/helpers/application_helper.rb:5
  Rendering home/index.html.erb within layouts/application
  [1m[36mProduct Load (0.4ms)[0m  [1m[34mSELECT "products".* FROM "products"[0m
  ↳ app/views/home/index.html.erb:3
  Rendered home/index.html.erb within layouts/application (3.1ms)
  [1m[36mCACHE Order Load (0.0ms)[0m  [1m[34mSELECT  "orders".* FROM "orders" WHERE "orders"."id" = $1 LIMIT $2[0m  [["id", 1], ["LIMIT", 1]]
  ↳ app/helpers/application_helper.rb:5
  [1m[35m (0.4ms)[0m  [1m[34mSELECT COUNT(*) FROM "order_items" WHERE "order_items"."order_id" = $1[0m  [["order_id", 1]]
  ↳ app/views/layouts/_cart.html.erb:1
  [1m[36mCACHE Order Load (0.0ms)[0m  [1m[34mSELECT  "orders".* FROM "orders" WHERE "orders"."id" = $1 LIMIT $2[0m  [["id", 1], ["LIMIT", 1]]
  ↳ app/helpers/application_helper.rb:5
  [1m[36mOrderItem Load (0.4ms)[0m  [1m[34mSELECT "order_items".* FROM "order_items" WHERE "order_items"."order_id" = $1[0m  [["order_id", 1]]
  ↳ app/models/order.rb:6
  [1m[36mProduct Load (1.1ms)[0m  [1m[34mSELECT  "products".* FROM "products" WHERE "products"."id" = $1 LIMIT $2[0m  [["id", 1], ["LIMIT", 1]]
  ↳ app/models/order.rb:6
  Rendered layouts/_cart.html.erb (6.4ms)
Completed 200 OK in 29ms (Views: 24.1ms | ActiveRecord: 2.8ms)


Started GET "/carts" for 127.0.0.1 at 2019-01-07 21:47:10 -0300
Processing by CartsController#show as HTML
  [1m[36mOrder Load (1.0ms)[0m  [1m[34mSELECT  "orders".* FROM "orders" WHERE "orders"."id" = $1 LIMIT $2[0m  [["id", 1], ["LIMIT", 1]]
  ↳ app/helpers/application_helper.rb:5
  Rendering carts/show.html.erb within layouts/application
  [1m[35m (0.4ms)[0m  [1m[34mSELECT COUNT(*) FROM "order_items" WHERE "order_items"."order_id" = $1[0m  [["order_id", 1]]
  ↳ app/views/carts/_cart_item.html.erb:9
  [1m[36mOrderItem Load (0.5ms)[0m  [1m[34mSELECT "order_items".* FROM "order_items" WHERE "order_items"."order_id" = $1[0m  [["order_id", 1]]
  ↳ app/views/carts/_cart_item.html.erb:10
  [1m[36mProduct Load (0.5ms)[0m  [1m[34mSELECT  "products".* FROM "products" WHERE "products"."id" = $1 LIMIT $2[0m  [["id", 1], ["LIMIT", 1]]
  ↳ app/views/carts/_cart_item.html.erb:14
  Rendered carts/_cart_item.html.erb (6.4ms)
  Rendered carts/show.html.erb within layouts/application (7.6ms)
  [1m[36mCACHE Order Load (0.0ms)[0m  [1m[34mSELECT  "orders".* FROM "orders" WHERE "orders"."id" = $1 LIMIT $2[0m  [["id", 1], ["LIMIT", 1]]
  ↳ app/helpers/application_helper.rb:5
  [1m[35mCACHE  (0.0ms)[0m  [1m[34mSELECT COUNT(*) FROM "order_items" WHERE "order_items"."order_id" = $1[0m  [["order_id", 1]]
  ↳ app/views/layouts/_cart.html.erb:1
  [1m[36mCACHE Order Load (0.0ms)[0m  [1m[34mSELECT  "orders".* FROM "orders" WHERE "orders"."id" = $1 LIMIT $2[0m  [["id", 1], ["LIMIT", 1]]
  ↳ app/helpers/application_helper.rb:5
  [1m[36mCACHE OrderItem Load (0.0ms)[0m  [1m[34mSELECT "order_items".* FROM "order_items" WHERE "order_items"."order_id" = $1[0m  [["order_id", 1]]
  ↳ app/models/order.rb:6
  [1m[36mCACHE Product Load (0.0ms)[0m  [1m[34mSELECT  "products".* FROM "products" WHERE "products"."id" = $1 LIMIT $2[0m  [["id", 1], ["LIMIT", 1]]
  ↳ app/models/order.rb:6
  Rendered layouts/_cart.html.erb (3.2ms)
Completed 200 OK in 38ms (Views: 31.7ms | ActiveRecord: 2.4ms)


Started PATCH "/order_items/3" for 127.0.0.1 at 2019-01-07 21:47:14 -0300
Processing by OrderItemsController#update as JS
  Parameters: {"utf8"=>"✓", "order_item"=>{"product_id"=>"1", "quantity"=>"5"}, "commit"=>"Update Quantity", "id"=>"3"}
  [1m[36mOrder Load (0.9ms)[0m  [1m[34mSELECT  "orders".* FROM "orders" WHERE "orders"."id" = $1 LIMIT $2[0m  [["id", 1], ["LIMIT", 1]]
  ↳ app/helpers/application_helper.rb:5
  [1m[36mOrderItem Load (0.5ms)[0m  [1m[34mSELECT  "order_items".* FROM "order_items" WHERE "order_items"."order_id" = $1 AND "order_items"."id" = $2 LIMIT $3[0m  [["order_id", 1], ["id", 3], ["LIMIT", 1]]
  ↳ app/controllers/order_items_controller.rb:12
  [1m[35m (0.2ms)[0m  [1m[35mBEGIN[0m
  ↳ app/controllers/order_items_controller.rb:13
  [1m[36mProduct Load (0.3ms)[0m  [1m[34mSELECT  "products".* FROM "products" WHERE "products"."id" = $1 LIMIT $2[0m  [["id", 1], ["LIMIT", 1]]
  ↳ app/controllers/order_items_controller.rb:13
  [1m[36mOrderItem Update (0.5ms)[0m  [1m[33mUPDATE "order_items" SET "quantity" = $1, "total_price" = $2, "updated_at" = $3 WHERE "order_items"."id" = $4[0m  [["quantity", 5], ["total_price", 7500.0], ["updated_at", "2019-01-08 00:47:14.160038"], ["id", 3]]
  ↳ app/controllers/order_items_controller.rb:13
  [1m[35m (38.0ms)[0m  [1m[35mCOMMIT[0m
  ↳ app/controllers/order_items_controller.rb:13
  Rendering order_items/update.js.erb
  [1m[36mOrder Load (0.3ms)[0m  [1m[34mSELECT  "orders".* FROM "orders" WHERE "orders"."id" = $1 LIMIT $2[0m  [["id", 1], ["LIMIT", 1]]
  ↳ app/helpers/application_helper.rb:5
  [1m[35m (0.3ms)[0m  [1m[34mSELECT COUNT(*) FROM "order_items" WHERE "order_items"."order_id" = $1[0m  [["order_id", 1]]
  ↳ app/views/layouts/_cart.html.erb:1
  [1m[36mCACHE Order Load (0.0ms)[0m  [1m[34mSELECT  "orders".* FROM "orders" WHERE "orders"."id" = $1 LIMIT $2[0m  [["id", 1], ["LIMIT", 1]]
  ↳ app/helpers/application_helper.rb:5
  [1m[36mOrderItem Load (0.4ms)[0m  [1m[34mSELECT "order_items".* FROM "order_items" WHERE "order_items"."order_id" = $1[0m  [["order_id", 1]]
  ↳ app/models/order.rb:6
  [1m[36mProduct Load (0.4ms)[0m  [1m[34mSELECT  "products".* FROM "products" WHERE "products"."id" = $1 LIMIT $2[0m  [["id", 1], ["LIMIT", 1]]
  ↳ app/models/order.rb:6
  Rendered layouts/_cart.html.erb (4.9ms)
  [1m[35mCACHE  (0.0ms)[0m  [1m[34mSELECT COUNT(*) FROM "order_items" WHERE "order_items"."order_id" = $1[0m  [["order_id", 1]]
  ↳ app/views/carts/_cart_item.html.erb:9
  [1m[36mCACHE OrderItem Load (0.0ms)[0m  [1m[34mSELECT "order_items".* FROM "order_items" WHERE "order_items"."order_id" = $1[0m  [["order_id", 1]]
  ↳ app/views/carts/_cart_item.html.erb:10
  [1m[36mCACHE Product Load (0.0ms)[0m  [1m[34mSELECT  "products".* FROM "products" WHERE "products"."id" = $1 LIMIT $2[0m  [["id", 1], ["LIMIT", 1]]
  ↳ app/views/carts/_cart_item.html.erb:14
  Rendered carts/_cart_item.html.erb (2.8ms)
  Rendered order_items/update.js.erb (15.4ms)
Completed 200 OK in 76ms (Views: 21.3ms | ActiveRecord: 41.6ms)


Started GET "/carts" for 127.0.0.1 at 2019-01-07 21:47:16 -0300
Processing by CartsController#show as HTML
  [1m[36mOrder Load (0.4ms)[0m  [1m[34mSELECT  "orders".* FROM "orders" WHERE "orders"."id" = $1 LIMIT $2[0m  [["id", 1], ["LIMIT", 1]]
  ↳ app/helpers/application_helper.rb:5
  Rendering carts/show.html.erb within layouts/application
  [1m[35m (0.3ms)[0m  [1m[34mSELECT COUNT(*) FROM "order_items" WHERE "order_items"."order_id" = $1[0m  [["order_id", 1]]
  ↳ app/views/carts/_cart_item.html.erb:9
  [1m[36mOrderItem Load (0.3ms)[0m  [1m[34mSELECT "order_items".* FROM "order_items" WHERE "order_items"."order_id" = $1[0m  [["order_id", 1]]
  ↳ app/views/carts/_cart_item.html.erb:10
  [1m[36mProduct Load (0.3ms)[0m  [1m[34mSELECT  "products".* FROM "products" WHERE "products"."id" = $1 LIMIT $2[0m  [["id", 1], ["LIMIT", 1]]
  ↳ app/views/carts/_cart_item.html.erb:14
  Rendered carts/_cart_item.html.erb (4.1ms)
  Rendered carts/show.html.erb within layouts/application (5.1ms)
  [1m[36mCACHE Order Load (0.0ms)[0m  [1m[34mSELECT  "orders".* FROM "orders" WHERE "orders"."id" = $1 LIMIT $2[0m  [["id", 1], ["LIMIT", 1]]
  ↳ app/helpers/application_helper.rb:5
  [1m[35mCACHE  (0.0ms)[0m  [1m[34mSELECT COUNT(*) FROM "order_items" WHERE "order_items"."order_id" = $1[0m  [["order_id", 1]]
  ↳ app/views/layouts/_cart.html.erb:1
  [1m[36mCACHE Order Load (0.0ms)[0m  [1m[34mSELECT  "orders".* FROM "orders" WHERE "orders"."id" = $1 LIMIT $2[0m  [["id", 1], ["LIMIT", 1]]
  ↳ app/helpers/application_helper.rb:5
  [1m[36mCACHE OrderItem Load (0.0ms)[0m  [1m[34mSELECT "order_items".* FROM "order_items" WHERE "order_items"."order_id" = $1[0m  [["order_id", 1]]
  ↳ app/models/order.rb:6
  [1m[36mCACHE Product Load (0.0ms)[0m  [1m[34mSELECT  "products".* FROM "products" WHERE "products"."id" = $1 LIMIT $2[0m  [["id", 1], ["LIMIT", 1]]
  ↳ app/models/order.rb:6
  Rendered layouts/_cart.html.erb (4.1ms)
Completed 200 OK in 28ms (Views: 25.1ms | ActiveRecord: 1.4ms)


Started PATCH "/order_items/3" for 127.0.0.1 at 2019-01-07 21:47:28 -0300
Processing by OrderItemsController#update as JS
  Parameters: {"utf8"=>"✓", "order_item"=>{"product_id"=>"1", "quantity"=>"8"}, "commit"=>"Update Quantity", "id"=>"3"}
  [1m[36mOrder Load (0.4ms)[0m  [1m[34mSELECT  "orders".* FROM "orders" WHERE "orders"."id" = $1 LIMIT $2[0m  [["id", 1], ["LIMIT", 1]]
  ↳ app/helpers/application_helper.rb:5
  [1m[36mOrderItem Load (0.5ms)[0m  [1m[34mSELECT  "order_items".* FROM "order_items" WHERE "order_items"."order_id" = $1 AND "order_items"."id" = $2 LIMIT $3[0m  [["order_id", 1], ["id", 3], ["LIMIT", 1]]
  ↳ app/controllers/order_items_controller.rb:12
  [1m[35m (0.2ms)[0m  [1m[35mBEGIN[0m
  ↳ app/controllers/order_items_controller.rb:13
  [1m[36mProduct Load (0.3ms)[0m  [1m[34mSELECT  "products".* FROM "products" WHERE "products"."id" = $1 LIMIT $2[0m  [["id", 1], ["LIMIT", 1]]
  ↳ app/controllers/order_items_controller.rb:13
  [1m[36mOrderItem Update (0.3ms)[0m  [1m[33mUPDATE "order_items" SET "quantity" = $1, "total_price" = $2, "updated_at" = $3 WHERE "order_items"."id" = $4[0m  [["quantity", 8], ["total_price", 12000.0], ["updated_at", "2019-01-08 00:47:28.722530"], ["id", 3]]
  ↳ app/controllers/order_items_controller.rb:13
  [1m[35m (65.6ms)[0m  [1m[35mCOMMIT[0m
  ↳ app/controllers/order_items_controller.rb:13
  Rendering order_items/update.js.erb
  [1m[36mOrder Load (0.4ms)[0m  [1m[34mSELECT  "orders".* FROM "orders" WHERE "orders"."id" = $1 LIMIT $2[0m  [["id", 1], ["LIMIT", 1]]
  ↳ app/helpers/application_helper.rb:5
  [1m[35m (0.4ms)[0m  [1m[34mSELECT COUNT(*) FROM "order_items" WHERE "order_items"."order_id" = $1[0m  [["order_id", 1]]
  ↳ app/views/layouts/_cart.html.erb:1
  [1m[36mCACHE Order Load (0.0ms)[0m  [1m[34mSELECT  "orders".* FROM "orders" WHERE "orders"."id" = $1 LIMIT $2[0m  [["id", 1], ["LIMIT", 1]]
  ↳ app/helpers/application_helper.rb:5
  [1m[36mOrderItem Load (0.3ms)[0m  [1m[34mSELECT "order_items".* FROM "order_items" WHERE "order_items"."order_id" = $1[0m  [["order_id", 1]]
  ↳ app/models/order.rb:6
  [1m[36mProduct Load (0.4ms)[0m  [1m[34mSELECT  "products".* FROM "products" WHERE "products"."id" = $1 LIMIT $2[0m  [["id", 1], ["LIMIT", 1]]
  ↳ app/models/order.rb:6
  Rendered layouts/_cart.html.erb (5.8ms)
  [1m[35mCACHE  (0.0ms)[0m  [1m[34mSELECT COUNT(*) FROM "order_items" WHERE "order_items"."order_id" = $1[0m  [["order_id", 1]]
  ↳ app/views/carts/_cart_item.html.erb:9
  [1m[36mCACHE OrderItem Load (0.0ms)[0m  [1m[34mSELECT "order_items".* FROM "order_items" WHERE "order_items"."order_id" = $1[0m  [["order_id", 1]]
  ↳ app/views/carts/_cart_item.html.erb:10
  [1m[36mCACHE Product Load (0.0ms)[0m  [1m[34mSELECT  "products".* FROM "products" WHERE "products"."id" = $1 LIMIT $2[0m  [["id", 1], ["LIMIT", 1]]
  ↳ app/views/carts/_cart_item.html.erb:14
  Rendered carts/_cart_item.html.erb (2.7ms)
  Rendered order_items/update.js.erb (16.4ms)
Completed 200 OK in 98ms (Views: 19.9ms | ActiveRecord: 68.7ms)


Started GET "/carts" for 127.0.0.1 at 2019-01-07 21:47:31 -0300
Processing by CartsController#show as HTML
  [1m[36mOrder Load (0.4ms)[0m  [1m[34mSELECT  "orders".* FROM "orders" WHERE "orders"."id" = $1 LIMIT $2[0m  [["id", 1], ["LIMIT", 1]]
  ↳ app/helpers/application_helper.rb:5
  Rendering carts/show.html.erb within layouts/application
  [1m[35m (0.4ms)[0m  [1m[34mSELECT COUNT(*) FROM "order_items" WHERE "order_items"."order_id" = $1[0m  [["order_id", 1]]
  ↳ app/views/carts/_cart_item.html.erb:9
  [1m[36mOrderItem Load (0.3ms)[0m  [1m[34mSELECT "order_items".* FROM "order_items" WHERE "order_items"."order_id" = $1[0m  [["order_id", 1]]
  ↳ app/views/carts/_cart_item.html.erb:10
  [1m[36mProduct Load (0.4ms)[0m  [1m[34mSELECT  "products".* FROM "products" WHERE "products"."id" = $1 LIMIT $2[0m  [["id", 1], ["LIMIT", 1]]
  ↳ app/views/carts/_cart_item.html.erb:14
  Rendered carts/_cart_item.html.erb (6.0ms)
  Rendered carts/show.html.erb within layouts/application (6.9ms)
  [1m[36mCACHE Order Load (0.0ms)[0m  [1m[34mSELECT  "orders".* FROM "orders" WHERE "orders"."id" = $1 LIMIT $2[0m  [["id", 1], ["LIMIT", 1]]
  ↳ app/helpers/application_helper.rb:5
  [1m[35mCACHE  (0.0ms)[0m  [1m[34mSELECT COUNT(*) FROM "order_items" WHERE "order_items"."order_id" = $1[0m  [["order_id", 1]]
  ↳ app/views/layouts/_cart.html.erb:1
  [1m[36mCACHE Order Load (0.1ms)[0m  [1m[34mSELECT  "orders".* FROM "orders" WHERE "orders"."id" = $1 LIMIT $2[0m  [["id", 1], ["LIMIT", 1]]
  ↳ app/helpers/application_helper.rb:5
  [1m[36mCACHE OrderItem Load (0.1ms)[0m  [1m[34mSELECT "order_items".* FROM "order_items" WHERE "order_items"."order_id" = $1[0m  [["order_id", 1]]
  ↳ app/models/order.rb:6
  [1m[36mCACHE Product Load (0.0ms)[0m  [1m[34mSELECT  "products".* FROM "products" WHERE "products"."id" = $1 LIMIT $2[0m  [["id", 1], ["LIMIT", 1]]
  ↳ app/models/order.rb:6
  Rendered layouts/_cart.html.erb (6.6ms)
Completed 200 OK in 30ms (Views: 27.0ms | ActiveRecord: 1.7ms)


Started GET "/carts" for 127.0.0.1 at 2019-01-07 21:47:43 -0300
Processing by CartsController#show as HTML
  [1m[36mOrder Load (0.4ms)[0m  [1m[34mSELECT  "orders".* FROM "orders" WHERE "orders"."id" = $1 LIMIT $2[0m  [["id", 1], ["LIMIT", 1]]
  ↳ app/helpers/application_helper.rb:5
  Rendering carts/show.html.erb within layouts/application
  [1m[35m (0.4ms)[0m  [1m[34mSELECT COUNT(*) FROM "order_items" WHERE "order_items"."order_id" = $1[0m  [["order_id", 1]]
  ↳ app/views/carts/_cart_item.html.erb:9
  [1m[36mOrderItem Load (0.5ms)[0m  [1m[34mSELECT "order_items".* FROM "order_items" WHERE "order_items"."order_id" = $1[0m  [["order_id", 1]]
  ↳ app/views/carts/_cart_item.html.erb:10
  [1m[36mProduct Load (0.4ms)[0m  [1m[34mSELECT  "products".* FROM "products" WHERE "products"."id" = $1 LIMIT $2[0m  [["id", 1], ["LIMIT", 1]]
  ↳ app/views/carts/_cart_item.html.erb:14
  Rendered carts/_cart_item.html.erb (5.5ms)
  Rendered carts/show.html.erb within layouts/application (6.4ms)
  [1m[36mCACHE Order Load (0.0ms)[0m  [1m[34mSELECT  "orders".* FROM "orders" WHERE "orders"."id" = $1 LIMIT $2[0m  [["id", 1], ["LIMIT", 1]]
  ↳ app/helpers/application_helper.rb:5
  [1m[35mCACHE  (0.0ms)[0m  [1m[34mSELECT COUNT(*) FROM "order_items" WHERE "order_items"."order_id" = $1[0m  [["order_id", 1]]
  ↳ app/views/layouts/_cart.html.erb:1
  [1m[36mCACHE Order Load (0.0ms)[0m  [1m[34mSELECT  "orders".* FROM "orders" WHERE "orders"."id" = $1 LIMIT $2[0m  [["id", 1], ["LIMIT", 1]]
  ↳ app/helpers/application_helper.rb:5
  [1m[36mCACHE OrderItem Load (0.0ms)[0m  [1m[34mSELECT "order_items".* FROM "order_items" WHERE "order_items"."order_id" = $1[0m  [["order_id", 1]]
  ↳ app/models/order.rb:6
  [1m[36mCACHE Product Load (0.0ms)[0m  [1m[34mSELECT  "products".* FROM "products" WHERE "products"."id" = $1 LIMIT $2[0m  [["id", 1], ["LIMIT", 1]]
  ↳ app/models/order.rb:6
  Rendered layouts/_cart.html.erb (4.1ms)
Completed 200 OK in 30ms (Views: 26.0ms | ActiveRecord: 1.7ms)


Started GET "/carts" for 127.0.0.1 at 2019-01-07 21:47:45 -0300
Processing by CartsController#show as HTML
  [1m[36mOrder Load (1.0ms)[0m  [1m[34mSELECT  "orders".* FROM "orders" WHERE "orders"."id" = $1 LIMIT $2[0m  [["id", 1], ["LIMIT", 1]]
  ↳ app/helpers/application_helper.rb:5
  Rendering carts/show.html.erb within layouts/application
  [1m[35m (0.5ms)[0m  [1m[34mSELECT COUNT(*) FROM "order_items" WHERE "order_items"."order_id" = $1[0m  [["order_id", 1]]
  ↳ app/views/carts/_cart_item.html.erb:9
  [1m[36mOrderItem Load (0.7ms)[0m  [1m[34mSELECT "order_items".* FROM "order_items" WHERE "order_items"."order_id" = $1[0m  [["order_id", 1]]
  ↳ app/views/carts/_cart_item.html.erb:10
  [1m[36mProduct Load (0.4ms)[0m  [1m[34mSELECT  "products".* FROM "products" WHERE "products"."id" = $1 LIMIT $2[0m  [["id", 1], ["LIMIT", 1]]
  ↳ app/views/carts/_cart_item.html.erb:14
  Rendered carts/_cart_item.html.erb (7.6ms)
  Rendered carts/show.html.erb within layouts/application (8.6ms)
  [1m[36mCACHE Order Load (0.0ms)[0m  [1m[34mSELECT  "orders".* FROM "orders" WHERE "orders"."id" = $1 LIMIT $2[0m  [["id", 1], ["LIMIT", 1]]
  ↳ app/helpers/application_helper.rb:5
  [1m[35mCACHE  (0.0ms)[0m  [1m[34mSELECT COUNT(*) FROM "order_items" WHERE "order_items"."order_id" = $1[0m  [["order_id", 1]]
  ↳ app/views/layouts/_cart.html.erb:1
  [1m[36mCACHE Order Load (0.0ms)[0m  [1m[34mSELECT  "orders".* FROM "orders" WHERE "orders"."id" = $1 LIMIT $2[0m  [["id", 1], ["LIMIT", 1]]
  ↳ app/helpers/application_helper.rb:5
  [1m[36mCACHE OrderItem Load (0.0ms)[0m  [1m[34mSELECT "order_items".* FROM "order_items" WHERE "order_items"."order_id" = $1[0m  [["order_id", 1]]
  ↳ app/models/order.rb:6
  [1m[36mCACHE Product Load (0.0ms)[0m  [1m[34mSELECT  "products".* FROM "products" WHERE "products"."id" = $1 LIMIT $2[0m  [["id", 1], ["LIMIT", 1]]
  ↳ app/models/order.rb:6
  Rendered layouts/_cart.html.erb (3.4ms)
Completed 200 OK in 38ms (Views: 31.4ms | ActiveRecord: 2.7ms)


Started GET "/" for 127.0.0.1 at 2019-01-07 21:47:46 -0300
Processing by HomeController#index as HTML
  [1m[36mOrder Load (0.5ms)[0m  [1m[34mSELECT  "orders".* FROM "orders" WHERE "orders"."id" = $1 LIMIT $2[0m  [["id", 1], ["LIMIT", 1]]
  ↳ app/helpers/application_helper.rb:5
  Rendering home/index.html.erb within layouts/application
  [1m[36mProduct Load (0.4ms)[0m  [1m[34mSELECT "products".* FROM "products"[0m
  ↳ app/views/home/index.html.erb:3
  Rendered home/index.html.erb within layouts/application (2.9ms)
  [1m[36mCACHE Order Load (0.0ms)[0m  [1m[34mSELECT  "orders".* FROM "orders" WHERE "orders"."id" = $1 LIMIT $2[0m  [["id", 1], ["LIMIT", 1]]
  ↳ app/helpers/application_helper.rb:5
  [1m[35m (0.4ms)[0m  [1m[34mSELECT COUNT(*) FROM "order_items" WHERE "order_items"."order_id" = $1[0m  [["order_id", 1]]
  ↳ app/views/layouts/_cart.html.erb:1
  [1m[36mCACHE Order Load (0.0ms)[0m  [1m[34mSELECT  "orders".* FROM "orders" WHERE "orders"."id" = $1 LIMIT $2[0m  [["id", 1], ["LIMIT", 1]]
  ↳ app/helpers/application_helper.rb:5
  [1m[36mOrderItem Load (0.4ms)[0m  [1m[34mSELECT "order_items".* FROM "order_items" WHERE "order_items"."order_id" = $1[0m  [["order_id", 1]]
  ↳ app/models/order.rb:6
  [1m[36mProduct Load (0.3ms)[0m  [1m[34mSELECT  "products".* FROM "products" WHERE "products"."id" = $1 LIMIT $2[0m  [["id", 1], ["LIMIT", 1]]
  ↳ app/models/order.rb:6
  Rendered layouts/_cart.html.erb (6.2ms)
Completed 200 OK in 33ms (Views: 28.9ms | ActiveRecord: 2.0ms)


Started POST "/order_items" for 127.0.0.1 at 2019-01-07 21:47:49 -0300
Processing by OrderItemsController#create as JS
  Parameters: {"utf8"=>"✓", "order_item"=>{"product_id"=>"2", "quantity"=>"5"}, "commit"=>"Add to cart"}
  [1m[36mOrder Load (0.4ms)[0m  [1m[34mSELECT  "orders".* FROM "orders" WHERE "orders"."id" = $1 LIMIT $2[0m  [["id", 1], ["LIMIT", 1]]
  ↳ app/helpers/application_helper.rb:5
  [1m[35m (0.3ms)[0m  [1m[35mBEGIN[0m
  ↳ app/controllers/order_items_controller.rb:6
  [1m[36mProduct Load (0.3ms)[0m  [1m[34mSELECT  "products".* FROM "products" WHERE "products"."id" = $1 LIMIT $2[0m  [["id", 2], ["LIMIT", 1]]
  ↳ app/controllers/order_items_controller.rb:6
  [1m[36mOrderItem Load (0.3ms)[0m  [1m[34mSELECT "order_items".* FROM "order_items" WHERE "order_items"."order_id" = $1[0m  [["order_id", 1]]
  ↳ app/models/order.rb:6
  [1m[36mProduct Load (0.3ms)[0m  [1m[34mSELECT  "products".* FROM "products" WHERE "products"."id" = $1 LIMIT $2[0m  [["id", 1], ["LIMIT", 1]]
  ↳ app/models/order.rb:6
  [1m[36mOrder Update (0.3ms)[0m  [1m[33mUPDATE "orders" SET "subtotal" = $1, "updated_at" = $2 WHERE "orders"."id" = $3[0m  [["subtotal", 22000.0], ["updated_at", "2019-01-08 00:47:49.726379"], ["id", 1]]
  ↳ app/controllers/order_items_controller.rb:6
  [1m[36mOrderItem Create (0.4ms)[0m  [1m[32mINSERT INTO "order_items" ("product_id", "order_id", "unit_price", "quantity", "total_price", "created_at", "updated_at") VALUES ($1, $2, $3, $4, $5, $6, $7) RETURNING "id"[0m  [["product_id", 2], ["order_id", 1], ["unit_price", 2000.0], ["quantity", 5], ["total_price", 10000.0], ["created_at", "2019-01-08 00:47:49.727837"], ["updated_at", "2019-01-08 00:47:49.727837"]]
  ↳ app/controllers/order_items_controller.rb:6
  [1m[35m (38.5ms)[0m  [1m[35mCOMMIT[0m
  ↳ app/controllers/order_items_controller.rb:6
  Rendering order_items/create.js.erb
  [1m[36mOrder Load (0.2ms)[0m  [1m[34mSELECT  "orders".* FROM "orders" WHERE "orders"."id" = $1 LIMIT $2[0m  [["id", 1], ["LIMIT", 1]]
  ↳ app/helpers/application_helper.rb:5
  [1m[35m (0.3ms)[0m  [1m[34mSELECT COUNT(*) FROM "order_items" WHERE "order_items"."order_id" = $1[0m  [["order_id", 1]]
  ↳ app/views/layouts/_cart.html.erb:1
  [1m[36mCACHE Order Load (0.0ms)[0m  [1m[34mSELECT  "orders".* FROM "orders" WHERE "orders"."id" = $1 LIMIT $2[0m  [["id", 1], ["LIMIT", 1]]
  ↳ app/helpers/application_helper.rb:5
  [1m[36mOrderItem Load (0.4ms)[0m  [1m[34mSELECT "order_items".* FROM "order_items" WHERE "order_items"."order_id" = $1[0m  [["order_id", 1]]
  ↳ app/models/order.rb:6
  [1m[36mProduct Load (0.3ms)[0m  [1m[34mSELECT  "products".* FROM "products" WHERE "products"."id" = $1 LIMIT $2[0m  [["id", 1], ["LIMIT", 1]]
  ↳ app/models/order.rb:6
  [1m[36mProduct Load (0.3ms)[0m  [1m[34mSELECT  "products".* FROM "products" WHERE "products"."id" = $1 LIMIT $2[0m  [["id", 2], ["LIMIT", 1]]
  ↳ app/models/order.rb:6
  Rendered layouts/_cart.html.erb (6.3ms)
  Rendered order_items/create.js.erb (10.8ms)
Completed 200 OK in 69ms (Views: 15.0ms | ActiveRecord: 42.3ms)


Started GET "/carts" for 127.0.0.1 at 2019-01-07 21:47:50 -0300
Processing by CartsController#show as HTML
  [1m[36mOrder Load (0.8ms)[0m  [1m[34mSELECT  "orders".* FROM "orders" WHERE "orders"."id" = $1 LIMIT $2[0m  [["id", 1], ["LIMIT", 1]]
  ↳ app/helpers/application_helper.rb:5
  Rendering carts/show.html.erb within layouts/application
  [1m[35m (0.4ms)[0m  [1m[34mSELECT COUNT(*) FROM "order_items" WHERE "order_items"."order_id" = $1[0m  [["order_id", 1]]
  ↳ app/views/carts/_cart_item.html.erb:9
  [1m[36mOrderItem Load (0.4ms)[0m  [1m[34mSELECT "order_items".* FROM "order_items" WHERE "order_items"."order_id" = $1[0m  [["order_id", 1]]
  ↳ app/views/carts/_cart_item.html.erb:10
  [1m[36mProduct Load (0.6ms)[0m  [1m[34mSELECT  "products".* FROM "products" WHERE "products"."id" = $1 LIMIT $2[0m  [["id", 1], ["LIMIT", 1]]
  ↳ app/views/carts/_cart_item.html.erb:14
  [1m[36mProduct Load (0.3ms)[0m  [1m[34mSELECT  "products".* FROM "products" WHERE "products"."id" = $1 LIMIT $2[0m  [["id", 2], ["LIMIT", 1]]
  ↳ app/views/carts/_cart_item.html.erb:14
  Rendered carts/_cart_item.html.erb (8.0ms)
  Rendered carts/show.html.erb within layouts/application (9.1ms)
  [1m[36mCACHE Order Load (0.0ms)[0m  [1m[34mSELECT  "orders".* FROM "orders" WHERE "orders"."id" = $1 LIMIT $2[0m  [["id", 1], ["LIMIT", 1]]
  ↳ app/helpers/application_helper.rb:5
  [1m[35mCACHE  (0.0ms)[0m  [1m[34mSELECT COUNT(*) FROM "order_items" WHERE "order_items"."order_id" = $1[0m  [["order_id", 1]]
  ↳ app/views/layouts/_cart.html.erb:1
  [1m[36mCACHE Order Load (0.0ms)[0m  [1m[34mSELECT  "orders".* FROM "orders" WHERE "orders"."id" = $1 LIMIT $2[0m  [["id", 1], ["LIMIT", 1]]
  ↳ app/helpers/application_helper.rb:5
  [1m[36mCACHE OrderItem Load (0.0ms)[0m  [1m[34mSELECT "order_items".* FROM "order_items" WHERE "order_items"."order_id" = $1[0m  [["order_id", 1]]
  ↳ app/models/order.rb:6
  [1m[36mCACHE Product Load (0.0ms)[0m  [1m[34mSELECT  "products".* FROM "products" WHERE "products"."id" = $1 LIMIT $2[0m  [["id", 1], ["LIMIT", 1]]
  ↳ app/models/order.rb:6
  [1m[36mCACHE Product Load (0.0ms)[0m  [1m[34mSELECT  "products".* FROM "products" WHERE "products"."id" = $1 LIMIT $2[0m  [["id", 2], ["LIMIT", 1]]
  ↳ app/models/order.rb:6
  Rendered layouts/_cart.html.erb (3.8ms)
Completed 200 OK in 40ms (Views: 33.5ms | ActiveRecord: 2.7ms)


Started GET "/carts" for 127.0.0.1 at 2019-01-07 21:48:09 -0300
Processing by CartsController#show as HTML
  [1m[36mOrder Load (0.5ms)[0m  [1m[34mSELECT  "orders".* FROM "orders" WHERE "orders"."id" = $1 LIMIT $2[0m  [["id", 1], ["LIMIT", 1]]
  ↳ app/helpers/application_helper.rb:5
  Rendering carts/show.html.erb within layouts/application
  [1m[35m (1.4ms)[0m  [1m[34mSELECT COUNT(*) FROM "order_items" WHERE "order_items"."order_id" = $1[0m  [["order_id", 1]]
  ↳ app/views/carts/_cart_item.html.erb:9
  [1m[36mOrderItem Load (0.5ms)[0m  [1m[34mSELECT "order_items".* FROM "order_items" WHERE "order_items"."order_id" = $1[0m  [["order_id", 1]]
  ↳ app/views/carts/_cart_item.html.erb:10
  [1m[36mProduct Load (0.4ms)[0m  [1m[34mSELECT  "products".* FROM "products" WHERE "products"."id" = $1 LIMIT $2[0m  [["id", 1], ["LIMIT", 1]]
  ↳ app/views/carts/_cart_item.html.erb:14
  [1m[36mProduct Load (0.6ms)[0m  [1m[34mSELECT  "products".* FROM "products" WHERE "products"."id" = $1 LIMIT $2[0m  [["id", 2], ["LIMIT", 1]]
  ↳ app/views/carts/_cart_item.html.erb:14
  Rendered carts/_cart_item.html.erb (10.2ms)
  Rendered carts/show.html.erb within layouts/application (11.4ms)
  [1m[36mCACHE Order Load (0.0ms)[0m  [1m[34mSELECT  "orders".* FROM "orders" WHERE "orders"."id" = $1 LIMIT $2[0m  [["id", 1], ["LIMIT", 1]]
  ↳ app/helpers/application_helper.rb:5
  [1m[35mCACHE  (0.0ms)[0m  [1m[34mSELECT COUNT(*) FROM "order_items" WHERE "order_items"."order_id" = $1[0m  [["order_id", 1]]
  ↳ app/views/layouts/_cart.html.erb:1
  [1m[36mCACHE Order Load (0.0ms)[0m  [1m[34mSELECT  "orders".* FROM "orders" WHERE "orders"."id" = $1 LIMIT $2[0m  [["id", 1], ["LIMIT", 1]]
  ↳ app/helpers/application_helper.rb:5
  [1m[36mCACHE OrderItem Load (0.0ms)[0m  [1m[34mSELECT "order_items".* FROM "order_items" WHERE "order_items"."order_id" = $1[0m  [["order_id", 1]]
  ↳ app/models/order.rb:6
  [1m[36mCACHE Product Load (0.0ms)[0m  [1m[34mSELECT  "products".* FROM "products" WHERE "products"."id" = $1 LIMIT $2[0m  [["id", 1], ["LIMIT", 1]]
  ↳ app/models/order.rb:6
  [1m[36mCACHE Product Load (0.0ms)[0m  [1m[34mSELECT  "products".* FROM "products" WHERE "products"."id" = $1 LIMIT $2[0m  [["id", 2], ["LIMIT", 1]]
  ↳ app/models/order.rb:6
  Rendered layouts/_cart.html.erb (5.1ms)
Completed 200 OK in 46ms (Views: 40.8ms | ActiveRecord: 3.4ms)


Started GET "/" for 127.0.0.1 at 2019-01-07 21:48:10 -0300
Processing by HomeController#index as HTML
  [1m[36mOrder Load (0.5ms)[0m  [1m[34mSELECT  "orders".* FROM "orders" WHERE "orders"."id" = $1 LIMIT $2[0m  [["id", 1], ["LIMIT", 1]]
  ↳ app/helpers/application_helper.rb:5
  Rendering home/index.html.erb within layouts/application
  [1m[36mProduct Load (0.6ms)[0m  [1m[34mSELECT "products".* FROM "products"[0m
  ↳ app/views/home/index.html.erb:3
  Rendered home/index.html.erb within layouts/application (3.4ms)
  [1m[36mCACHE Order Load (0.0ms)[0m  [1m[34mSELECT  "orders".* FROM "orders" WHERE "orders"."id" = $1 LIMIT $2[0m  [["id", 1], ["LIMIT", 1]]
  ↳ app/helpers/application_helper.rb:5
  [1m[35m (0.5ms)[0m  [1m[34mSELECT COUNT(*) FROM "order_items" WHERE "order_items"."order_id" = $1[0m  [["order_id", 1]]
  ↳ app/views/layouts/_cart.html.erb:1
  [1m[36mCACHE Order Load (0.0ms)[0m  [1m[34mSELECT  "orders".* FROM "orders" WHERE "orders"."id" = $1 LIMIT $2[0m  [["id", 1], ["LIMIT", 1]]
  ↳ app/helpers/application_helper.rb:5
  [1m[36mOrderItem Load (0.3ms)[0m  [1m[34mSELECT "order_items".* FROM "order_items" WHERE "order_items"."order_id" = $1[0m  [["order_id", 1]]
  ↳ app/models/order.rb:6
  [1m[36mProduct Load (0.3ms)[0m  [1m[34mSELECT  "products".* FROM "products" WHERE "products"."id" = $1 LIMIT $2[0m  [["id", 1], ["LIMIT", 1]]
  ↳ app/models/order.rb:6
  [1m[36mProduct Load (0.3ms)[0m  [1m[34mSELECT  "products".* FROM "products" WHERE "products"."id" = $1 LIMIT $2[0m  [["id", 2], ["LIMIT", 1]]
  ↳ app/models/order.rb:6
  Rendered layouts/_cart.html.erb (8.3ms)
Completed 200 OK in 39ms (Views: 33.6ms | ActiveRecord: 2.6ms)


Started POST "/order_items" for 127.0.0.1 at 2019-01-07 21:48:24 -0300
Processing by OrderItemsController#create as JS
  Parameters: {"utf8"=>"✓", "order_item"=>{"product_id"=>"3", "quantity"=>"4"}, "commit"=>"Add to cart"}
  [1m[36mOrder Load (0.3ms)[0m  [1m[34mSELECT  "orders".* FROM "orders" WHERE "orders"."id" = $1 LIMIT $2[0m  [["id", 1], ["LIMIT", 1]]
  ↳ app/helpers/application_helper.rb:5
  [1m[35m (0.2ms)[0m  [1m[35mBEGIN[0m
  ↳ app/controllers/order_items_controller.rb:6
  [1m[36mProduct Load (0.3ms)[0m  [1m[34mSELECT  "products".* FROM "products" WHERE "products"."id" = $1 LIMIT $2[0m  [["id", 3], ["LIMIT", 1]]
  ↳ app/controllers/order_items_controller.rb:6
  [1m[36mOrderItem Load (0.3ms)[0m  [1m[34mSELECT "order_items".* FROM "order_items" WHERE "order_items"."order_id" = $1[0m  [["order_id", 1]]
  ↳ app/models/order.rb:6
  [1m[36mProduct Load (0.3ms)[0m  [1m[34mSELECT  "products".* FROM "products" WHERE "products"."id" = $1 LIMIT $2[0m  [["id", 1], ["LIMIT", 1]]
  ↳ app/models/order.rb:6
  [1m[36mProduct Load (0.2ms)[0m  [1m[34mSELECT  "products".* FROM "products" WHERE "products"."id" = $1 LIMIT $2[0m  [["id", 2], ["LIMIT", 1]]
  ↳ app/models/order.rb:6
  [1m[36mOrder Update (0.3ms)[0m  [1m[33mUPDATE "orders" SET "subtotal" = $1, "updated_at" = $2 WHERE "orders"."id" = $3[0m  [["subtotal", 32000.0], ["updated_at", "2019-01-08 00:48:24.756769"], ["id", 1]]
  ↳ app/controllers/order_items_controller.rb:6
  [1m[36mOrderItem Create (0.3ms)[0m  [1m[32mINSERT INTO "order_items" ("product_id", "order_id", "unit_price", "quantity", "total_price", "created_at", "updated_at") VALUES ($1, $2, $3, $4, $5, $6, $7) RETURNING "id"[0m  [["product_id", 3], ["order_id", 1], ["unit_price", 2500.0], ["quantity", 4], ["total_price", 10000.0], ["created_at", "2019-01-08 00:48:24.758487"], ["updated_at", "2019-01-08 00:48:24.758487"]]
  ↳ app/controllers/order_items_controller.rb:6
  [1m[35m (42.8ms)[0m  [1m[35mCOMMIT[0m
  ↳ app/controllers/order_items_controller.rb:6
  Rendering order_items/create.js.erb
  [1m[36mOrder Load (0.2ms)[0m  [1m[34mSELECT  "orders".* FROM "orders" WHERE "orders"."id" = $1 LIMIT $2[0m  [["id", 1], ["LIMIT", 1]]
  ↳ app/helpers/application_helper.rb:5
  [1m[35m (0.3ms)[0m  [1m[34mSELECT COUNT(*) FROM "order_items" WHERE "order_items"."order_id" = $1[0m  [["order_id", 1]]
  ↳ app/views/layouts/_cart.html.erb:1
  [1m[36mCACHE Order Load (0.0ms)[0m  [1m[34mSELECT  "orders".* FROM "orders" WHERE "orders"."id" = $1 LIMIT $2[0m  [["id", 1], ["LIMIT", 1]]
  ↳ app/helpers/application_helper.rb:5
  [1m[36mOrderItem Load (0.3ms)[0m  [1m[34mSELECT "order_items".* FROM "order_items" WHERE "order_items"."order_id" = $1[0m  [["order_id", 1]]
  ↳ app/models/order.rb:6
  [1m[36mProduct Load (0.3ms)[0m  [1m[34mSELECT  "products".* FROM "products" WHERE "products"."id" = $1 LIMIT $2[0m  [["id", 1], ["LIMIT", 1]]
  ↳ app/models/order.rb:6
  [1m[36mProduct Load (0.3ms)[0m  [1m[34mSELECT  "products".* FROM "products" WHERE "products"."id" = $1 LIMIT $2[0m  [["id", 2], ["LIMIT", 1]]
  ↳ app/models/order.rb:6
  [1m[36mProduct Load (0.3ms)[0m  [1m[34mSELECT  "products".* FROM "products" WHERE "products"."id" = $1 LIMIT $2[0m  [["id", 3], ["LIMIT", 1]]
  ↳ app/models/order.rb:6
  Rendered layouts/_cart.html.erb (7.7ms)
  Rendered order_items/create.js.erb (12.0ms)
Completed 200 OK in 77ms (Views: 16.2ms | ActiveRecord: 46.9ms)


Started GET "/carts" for 127.0.0.1 at 2019-01-07 21:48:25 -0300
Processing by CartsController#show as HTML
  [1m[36mOrder Load (0.4ms)[0m  [1m[34mSELECT  "orders".* FROM "orders" WHERE "orders"."id" = $1 LIMIT $2[0m  [["id", 1], ["LIMIT", 1]]
  ↳ app/helpers/application_helper.rb:5
  Rendering carts/show.html.erb within layouts/application
  [1m[35m (0.5ms)[0m  [1m[34mSELECT COUNT(*) FROM "order_items" WHERE "order_items"."order_id" = $1[0m  [["order_id", 1]]
  ↳ app/views/carts/_cart_item.html.erb:9
  [1m[36mOrderItem Load (0.4ms)[0m  [1m[34mSELECT "order_items".* FROM "order_items" WHERE "order_items"."order_id" = $1[0m  [["order_id", 1]]
  ↳ app/views/carts/_cart_item.html.erb:10
  [1m[36mProduct Load (0.4ms)[0m  [1m[34mSELECT  "products".* FROM "products" WHERE "products"."id" = $1 LIMIT $2[0m  [["id", 1], ["LIMIT", 1]]
  ↳ app/views/carts/_cart_item.html.erb:14
  [1m[36mProduct Load (0.5ms)[0m  [1m[34mSELECT  "products".* FROM "products" WHERE "products"."id" = $1 LIMIT $2[0m  [["id", 2], ["LIMIT", 1]]
  ↳ app/views/carts/_cart_item.html.erb:14
  [1m[36mProduct Load (0.4ms)[0m  [1m[34mSELECT  "products".* FROM "products" WHERE "products"."id" = $1 LIMIT $2[0m  [["id", 3], ["LIMIT", 1]]
  ↳ app/views/carts/_cart_item.html.erb:14
  Rendered carts/_cart_item.html.erb (11.8ms)
  Rendered carts/show.html.erb within layouts/application (13.1ms)
  [1m[36mCACHE Order Load (0.0ms)[0m  [1m[34mSELECT  "orders".* FROM "orders" WHERE "orders"."id" = $1 LIMIT $2[0m  [["id", 1], ["LIMIT", 1]]
  ↳ app/helpers/application_helper.rb:5
  [1m[35mCACHE  (0.0ms)[0m  [1m[34mSELECT COUNT(*) FROM "order_items" WHERE "order_items"."order_id" = $1[0m  [["order_id", 1]]
  ↳ app/views/layouts/_cart.html.erb:1
  [1m[36mCACHE Order Load (0.0ms)[0m  [1m[34mSELECT  "orders".* FROM "orders" WHERE "orders"."id" = $1 LIMIT $2[0m  [["id", 1], ["LIMIT", 1]]
  ↳ app/helpers/application_helper.rb:5
  [1m[36mCACHE OrderItem Load (0.0ms)[0m  [1m[34mSELECT "order_items".* FROM "order_items" WHERE "order_items"."order_id" = $1[0m  [["order_id", 1]]
  ↳ app/models/order.rb:6
  [1m[36mCACHE Product Load (0.0ms)[0m  [1m[34mSELECT  "products".* FROM "products" WHERE "products"."id" = $1 LIMIT $2[0m  [["id", 1], ["LIMIT", 1]]
  ↳ app/models/order.rb:6
  [1m[36mCACHE Product Load (0.0ms)[0m  [1m[34mSELECT  "products".* FROM "products" WHERE "products"."id" = $1 LIMIT $2[0m  [["id", 2], ["LIMIT", 1]]
  ↳ app/models/order.rb:6
  [1m[36mCACHE Product Load (0.0ms)[0m  [1m[34mSELECT  "products".* FROM "products" WHERE "products"."id" = $1 LIMIT $2[0m  [["id", 3], ["LIMIT", 1]]
  ↳ app/models/order.rb:6
  Rendered layouts/_cart.html.erb (6.5ms)
Completed 200 OK in 45ms (Views: 39.7ms | ActiveRecord: 2.7ms)


